<?xml version="1.0" encoding="UTF-8"?>
<testsuite xmlns:xsi="http://www.w3.org/2001/XMLSchema-instance" xsi:noNamespaceSchemaLocation="https://maven.apache.org/surefire/maven-surefire-plugin/xsd/surefire-test-report.xsd" name="tests.cucumber.runner.CucumberTest" time="7.996" tests="36" errors="0" skipped="0" failures="10">
  <properties>
[...]
</properties>
  <testcase name="Verify voucher discount when 0 vouchers applied" classname="As a user of Online shop" time="0.684"/>
  <testcase name="Verify voucher discount when 1 vouchers applied" classname="As a user of Online shop" time="0.195"/>
  <testcase name="Verify voucher discount when 2 vouchers applied" classname="As a user of Online shop" time="0.151"/>
  <testcase name="Verify DELETE `/cart/items/{id}` removes the item from cart" classname="As a user of Online shop" time="0.079"/>
  <testcase name="Verify DELETE `/cart/items/{id}` remove item when item is not in cart" classname="As a user of Online shop" time="0.08">
    <failure message="expected:&lt;&quot;[4]00&quot;&gt; but was:&lt;&quot;[2]00&quot;&gt;" type="org.junit.ComparisonFailure"><![CDATA[org.junit.ComparisonFailure: expected:<"[4]00"> but was:<"[2]00">
]]></failure>
    <system-out><![CDATA[2019-10-06 23:06:52.006  INFO 27472 --- [           main] .b.t.c.SpringBootTestContextBootstrapper : Neither @ContextConfiguration nor @ContextHierarchy found for test class [tests.cucumber.glue.Steps], using SpringBootContextLoader
2019-10-06 23:06:52.006  INFO 27472 --- [           main] o.s.t.c.support.AbstractContextLoader    : Could not detect default resource locations for test class [tests.cucumber.glue.Steps]: no resource found for suffixes {-context.xml, Context.groovy}.
2019-10-06 23:06:52.010  INFO 27472 --- [           main] .b.t.c.SpringBootTestContextBootstrapper : Loaded default TestExecutionListener class names from location [META-INF/spring.factories]: [org.springframework.boot.test.mock.mockito.MockitoTestExecutionListener, org.springframework.boot.test.mock.mockito.ResetMocksTestExecutionListener, org.springframework.boot.test.autoconfigure.restdocs.RestDocsTestExecutionListener, org.springframework.boot.test.autoconfigure.web.client.MockRestServiceServerResetTestExecutionListener, org.springframework.boot.test.autoconfigure.web.servlet.MockMvcPrintOnlyOnFailureTestExecutionListener, org.springframework.boot.test.autoconfigure.web.servlet.WebDriverTestExecutionListener, org.springframework.test.context.web.ServletTestExecutionListener, org.springframework.test.context.support.DirtiesContextBeforeModesTestExecutionListener, org.springframework.test.context.support.DependencyInjectionTestExecutionListener, org.springframework.test.context.support.DirtiesContextTestExecutionListener, org.springframework.test.context.transaction.TransactionalTestExecutionListener, org.springframework.test.context.jdbc.SqlScriptsTestExecutionListener]
2019-10-06 23:06:52.010  INFO 27472 --- [           main] .b.t.c.SpringBootTestContextBootstrapper : Using TestExecutionListeners: [org.springframework.test.context.web.ServletTestExecutionListener@7668f8fd, org.springframework.test.context.support.DirtiesContextBeforeModesTestExecutionListener@75566f4, org.springframework.boot.test.mock.mockito.MockitoTestExecutionListener@6785786d, org.springframework.boot.test.autoconfigure.SpringBootDependencyInjectionTestExecutionListener@5c261c74, org.springframework.test.context.support.DirtiesContextTestExecutionListener@6d38a81d, org.springframework.test.context.transaction.TransactionalTestExecutionListener@41f61188, org.springframework.test.context.jdbc.SqlScriptsTestExecutionListener@d7c4fcb, org.springframework.boot.test.mock.mockito.ResetMocksTestExecutionListener@61d527ac, org.springframework.boot.test.autoconfigure.restdocs.RestDocsTestExecutionListener@498503cb, org.springframework.boot.test.autoconfigure.web.client.MockRestServiceServerResetTestExecutionListener@380e3122, org.springframework.boot.test.autoconfigure.web.servlet.MockMvcPrintOnlyOnFailureTestExecutionListener@576323ff, org.springframework.boot.test.autoconfigure.web.servlet.WebDriverTestExecutionListener@1fc386f8]
Hibernate: 
    select
        item0_.id as id1_1_,
        item0_.name as name2_1_,
        item0_.price as price3_1_ 
    from
        item item0_
Hibernate: 
    select
        count(*) as col_0_0_ 
    from
        item item0_ 
    where
        item0_.id=?
Hibernate: 
    select
        cart0_.id as id1_0_,
        cart0_.discount as discount2_0_,
        cart0_.total_price as total_pr3_0_,
        cart0_.voucher_discount as voucher_4_0_ 
    from
        cart cart0_ 
    where
        cart0_.id=1
Hibernate: 
    select
        items0_.counter_id as counter_1_2_0_,
        items0_.items as items2_2_0_,
        items0_.item_id as item_id3_0_,
        item1_.id as id1_1_1_,
        item1_.name as name2_1_1_,
        item1_.price as price3_1_1_ 
    from
        items_tracking_table items0_ 
    inner join
        item item1_ 
            on items0_.item_id=item1_.id 
    where
        items0_.counter_id=?
Hibernate: 
    select
        item0_.id as id1_1_0_,
        item0_.name as name2_1_0_,
        item0_.price as price3_1_0_ 
    from
        item item0_ 
    where
        item0_.id=?
Hibernate: 
    select
        count(*) as col_0_0_ 
    from
        item item0_ 
    where
        item0_.id=?
Hibernate: 
    select
        cart0_.id as id1_0_,
        cart0_.discount as discount2_0_,
        cart0_.total_price as total_pr3_0_,
        cart0_.voucher_discount as voucher_4_0_ 
    from
        cart cart0_ 
    where
        cart0_.id=1
Hibernate: 
    select
        items0_.counter_id as counter_1_2_0_,
        items0_.items as items2_2_0_,
        items0_.item_id as item_id3_0_,
        item1_.id as id1_1_1_,
        item1_.name as name2_1_1_,
        item1_.price as price3_1_1_ 
    from
        items_tracking_table items0_ 
    inner join
        item item1_ 
            on items0_.item_id=item1_.id 
    where
        items0_.counter_id=?
Hibernate: 
    select
        item0_.id as id1_1_0_,
        item0_.name as name2_1_0_,
        item0_.price as price3_1_0_ 
    from
        item item0_ 
    where
        item0_.id=?
Hibernate: 
    select
        count(*) as col_0_0_ 
    from
        item item0_ 
    where
        item0_.id=?
Hibernate: 
    select
        cart0_.id as id1_0_,
        cart0_.discount as discount2_0_,
        cart0_.total_price as total_pr3_0_,
        cart0_.voucher_discount as voucher_4_0_ 
    from
        cart cart0_ 
    where
        cart0_.id=1
Hibernate: 
    select
        items0_.counter_id as counter_1_2_0_,
        items0_.items as items2_2_0_,
        items0_.item_id as item_id3_0_,
        item1_.id as id1_1_1_,
        item1_.name as name2_1_1_,
        item1_.price as price3_1_1_ 
    from
        items_tracking_table items0_ 
    inner join
        item item1_ 
            on items0_.item_id=item1_.id 
    where
        items0_.counter_id=?
Hibernate: 
    select
        item0_.id as id1_1_0_,
        item0_.name as name2_1_0_,
        item0_.price as price3_1_0_ 
    from
        item item0_ 
    where
        item0_.id=?
Hibernate: 
    select
        count(*) as col_0_0_ 
    from
        item item0_ 
    where
        item0_.id=?
Hibernate: 
    select
        cart0_.id as id1_0_,
        cart0_.discount as discount2_0_,
        cart0_.total_price as total_pr3_0_,
        cart0_.voucher_discount as voucher_4_0_ 
    from
        cart cart0_ 
    where
        cart0_.id=1
Hibernate: 
    select
        items0_.counter_id as counter_1_2_0_,
        items0_.items as items2_2_0_,
        items0_.item_id as item_id3_0_,
        item1_.id as id1_1_1_,
        item1_.name as name2_1_1_,
        item1_.price as price3_1_1_ 
    from
        items_tracking_table items0_ 
    inner join
        item item1_ 
            on items0_.item_id=item1_.id 
    where
        items0_.counter_id=?
Hibernate: 
    select
        item0_.id as id1_1_0_,
        item0_.name as name2_1_0_,
        item0_.price as price3_1_0_ 
    from
        item item0_ 
    where
        item0_.id=?
Hibernate: 
    select
        count(*) as col_0_0_ 
    from
        item item0_ 
    where
        item0_.id=?
Hibernate: 
    select
        cart0_.id as id1_0_,
        cart0_.discount as discount2_0_,
        cart0_.total_price as total_pr3_0_,
        cart0_.voucher_discount as voucher_4_0_ 
    from
        cart cart0_ 
    where
        cart0_.id=1
Hibernate: 
    select
        items0_.counter_id as counter_1_2_0_,
        items0_.items as items2_2_0_,
        items0_.item_id as item_id3_0_,
        item1_.id as id1_1_1_,
        item1_.name as name2_1_1_,
        item1_.price as price3_1_1_ 
    from
        items_tracking_table items0_ 
    inner join
        item item1_ 
            on items0_.item_id=item1_.id 
    where
        items0_.counter_id=?
Hibernate: 
    select
        item0_.id as id1_1_0_,
        item0_.name as name2_1_0_,
        item0_.price as price3_1_0_ 
    from
        item item0_ 
    where
        item0_.id=?
Hibernate: 
    select
        count(*) as col_0_0_ 
    from
        item item0_ 
    where
        item0_.id=?
Hibernate: 
    select
        cart0_.id as id1_0_,
        cart0_.discount as discount2_0_,
        cart0_.total_price as total_pr3_0_,
        cart0_.voucher_discount as voucher_4_0_ 
    from
        cart cart0_ 
    where
        cart0_.id=1
Hibernate: 
    select
        items0_.counter_id as counter_1_2_0_,
        items0_.items as items2_2_0_,
        items0_.item_id as item_id3_0_,
        item1_.id as id1_1_1_,
        item1_.name as name2_1_1_,
        item1_.price as price3_1_1_ 
    from
        items_tracking_table items0_ 
    inner join
        item item1_ 
            on items0_.item_id=item1_.id 
    where
        items0_.counter_id=?
Hibernate: 
    select
        item0_.id as id1_1_0_,
        item0_.name as name2_1_0_,
        item0_.price as price3_1_0_ 
    from
        item item0_ 
    where
        item0_.id=?
Hibernate: 
    select
        count(*) as col_0_0_ 
    from
        item item0_ 
    where
        item0_.id=?
Hibernate: 
    select
        cart0_.id as id1_0_,
        cart0_.discount as discount2_0_,
        cart0_.total_price as total_pr3_0_,
        cart0_.voucher_discount as voucher_4_0_ 
    from
        cart cart0_ 
    where
        cart0_.id=1
Hibernate: 
    select
        items0_.counter_id as counter_1_2_0_,
        items0_.items as items2_2_0_,
        items0_.item_id as item_id3_0_,
        item1_.id as id1_1_1_,
        item1_.name as name2_1_1_,
        item1_.price as price3_1_1_ 
    from
        items_tracking_table items0_ 
    inner join
        item item1_ 
            on items0_.item_id=item1_.id 
    where
        items0_.counter_id=?
Hibernate: 
    select
        item0_.id as id1_1_0_,
        item0_.name as name2_1_0_,
        item0_.price as price3_1_0_ 
    from
        item item0_ 
    where
        item0_.id=?
Hibernate: 
    select
        count(*) as col_0_0_ 
    from
        item item0_ 
    where
        item0_.id=?
Hibernate: 
    select
        cart0_.id as id1_0_,
        cart0_.discount as discount2_0_,
        cart0_.total_price as total_pr3_0_,
        cart0_.voucher_discount as voucher_4_0_ 
    from
        cart cart0_ 
    where
        cart0_.id=1
Hibernate: 
    select
        items0_.counter_id as counter_1_2_0_,
        items0_.items as items2_2_0_,
        items0_.item_id as item_id3_0_,
        item1_.id as id1_1_1_,
        item1_.name as name2_1_1_,
        item1_.price as price3_1_1_ 
    from
        items_tracking_table items0_ 
    inner join
        item item1_ 
            on items0_.item_id=item1_.id 
    where
        items0_.counter_id=?
Hibernate: 
    select
        item0_.id as id1_1_0_,
        item0_.name as name2_1_0_,
        item0_.price as price3_1_0_ 
    from
        item item0_ 
    where
        item0_.id=?
Hibernate: 
    select
        count(*) as col_0_0_ 
    from
        item item0_ 
    where
        item0_.id=?
Hibernate: 
    select
        cart0_.id as id1_0_,
        cart0_.discount as discount2_0_,
        cart0_.total_price as total_pr3_0_,
        cart0_.voucher_discount as voucher_4_0_ 
    from
        cart cart0_ 
    where
        cart0_.id=1
Hibernate: 
    select
        items0_.counter_id as counter_1_2_0_,
        items0_.items as items2_2_0_,
        items0_.item_id as item_id3_0_,
        item1_.id as id1_1_1_,
        item1_.name as name2_1_1_,
        item1_.price as price3_1_1_ 
    from
        items_tracking_table items0_ 
    inner join
        item item1_ 
            on items0_.item_id=item1_.id 
    where
        items0_.counter_id=?
Hibernate: 
    select
        item0_.id as id1_1_0_,
        item0_.name as name2_1_0_,
        item0_.price as price3_1_0_ 
    from
        item item0_ 
    where
        item0_.id=?
Hibernate: 
    select
        cart0_.id as id1_0_,
        cart0_.discount as discount2_0_,
        cart0_.total_price as total_pr3_0_,
        cart0_.voucher_discount as voucher_4_0_ 
    from
        cart cart0_ 
    where
        cart0_.id=1
Hibernate: 
    select
        items0_.counter_id as counter_1_2_0_,
        items0_.items as items2_2_0_,
        items0_.item_id as item_id3_0_,
        item1_.id as id1_1_1_,
        item1_.name as name2_1_1_,
        item1_.price as price3_1_1_ 
    from
        items_tracking_table items0_ 
    inner join
        item item1_ 
            on items0_.item_id=item1_.id 
    where
        items0_.counter_id=?
Hibernate: 
    select
        count(*) as col_0_0_ 
    from
        item item0_ 
    where
        item0_.id=?
Hibernate: 
    select
        cart0_.id as id1_0_,
        cart0_.discount as discount2_0_,
        cart0_.total_price as total_pr3_0_,
        cart0_.voucher_discount as voucher_4_0_ 
    from
        cart cart0_ 
    where
        cart0_.id=1
Hibernate: 
    select
        items0_.counter_id as counter_1_2_0_,
        items0_.items as items2_2_0_,
        items0_.item_id as item_id3_0_,
        item1_.id as id1_1_1_,
        item1_.name as name2_1_1_,
        item1_.price as price3_1_1_ 
    from
        items_tracking_table items0_ 
    inner join
        item item1_ 
            on items0_.item_id=item1_.id 
    where
        items0_.counter_id=?
Hibernate: 
    select
        item0_.id as id1_1_0_,
        item0_.name as name2_1_0_,
        item0_.price as price3_1_0_ 
    from
        item item0_ 
    where
        item0_.id=?
]]></system-out>
  </testcase>
  <testcase name="Verify DELETE `/cart/items/{id}` with bad data" classname="As a user of Online shop" time="0.088"/>
  <testcase name="Verify DELETE `/cart/items/{id}` with empty data" classname="As a user of Online shop" time="0.051"/>
  <testcase name="Verify DELETE `/cart/voucher` removes the voucher from cart" classname="As a user of Online shop" time="0.088"/>
  <testcase name="Verify DELETE `/cart/voucher` when no voucher applied to cart" classname="As a user of Online shop" time="0.06">
    <failure message="expected:&lt;&quot;[4]00&quot;&gt; but was:&lt;&quot;[2]00&quot;&gt;" type="org.junit.ComparisonFailure"><![CDATA[org.junit.ComparisonFailure: expected:<"[4]00"> but was:<"[2]00">
]]></failure>
    <system-out><![CDATA[2019-10-06 23:06:52.377  INFO 27472 --- [           main] .b.t.c.SpringBootTestContextBootstrapper : Neither @ContextConfiguration nor @ContextHierarchy found for test class [tests.cucumber.glue.Steps], using SpringBootContextLoader
2019-10-06 23:06:52.377  INFO 27472 --- [           main] o.s.t.c.support.AbstractContextLoader    : Could not detect default resource locations for test class [tests.cucumber.glue.Steps]: no resource found for suffixes {-context.xml, Context.groovy}.
2019-10-06 23:06:52.377  INFO 27472 --- [           main] .b.t.c.SpringBootTestContextBootstrapper : Loaded default TestExecutionListener class names from location [META-INF/spring.factories]: [org.springframework.boot.test.mock.mockito.MockitoTestExecutionListener, org.springframework.boot.test.mock.mockito.ResetMocksTestExecutionListener, org.springframework.boot.test.autoconfigure.restdocs.RestDocsTestExecutionListener, org.springframework.boot.test.autoconfigure.web.client.MockRestServiceServerResetTestExecutionListener, org.springframework.boot.test.autoconfigure.web.servlet.MockMvcPrintOnlyOnFailureTestExecutionListener, org.springframework.boot.test.autoconfigure.web.servlet.WebDriverTestExecutionListener, org.springframework.test.context.web.ServletTestExecutionListener, org.springframework.test.context.support.DirtiesContextBeforeModesTestExecutionListener, org.springframework.test.context.support.DependencyInjectionTestExecutionListener, org.springframework.test.context.support.DirtiesContextTestExecutionListener, org.springframework.test.context.transaction.TransactionalTestExecutionListener, org.springframework.test.context.jdbc.SqlScriptsTestExecutionListener]
2019-10-06 23:06:52.377  INFO 27472 --- [           main] .b.t.c.SpringBootTestContextBootstrapper : Using TestExecutionListeners: [org.springframework.test.context.web.ServletTestExecutionListener@1977b0df, org.springframework.test.context.support.DirtiesContextBeforeModesTestExecutionListener@4a490518, org.springframework.boot.test.mock.mockito.MockitoTestExecutionListener@7890fbf9, org.springframework.boot.test.autoconfigure.SpringBootDependencyInjectionTestExecutionListener@32ae11c9, org.springframework.test.context.support.DirtiesContextTestExecutionListener@167bae0b, org.springframework.test.context.transaction.TransactionalTestExecutionListener@14980819, org.springframework.test.context.jdbc.SqlScriptsTestExecutionListener@6b286640, org.springframework.boot.test.mock.mockito.ResetMocksTestExecutionListener@294a12b5, org.springframework.boot.test.autoconfigure.restdocs.RestDocsTestExecutionListener@628aea61, org.springframework.boot.test.autoconfigure.web.client.MockRestServiceServerResetTestExecutionListener@3606eee9, org.springframework.boot.test.autoconfigure.web.servlet.MockMvcPrintOnlyOnFailureTestExecutionListener@1e34840f, org.springframework.boot.test.autoconfigure.web.servlet.WebDriverTestExecutionListener@6792f2c6]
Hibernate: 
    select
        item0_.id as id1_1_,
        item0_.name as name2_1_,
        item0_.price as price3_1_ 
    from
        item item0_
Hibernate: 
    select
        count(*) as col_0_0_ 
    from
        item item0_ 
    where
        item0_.id=?
Hibernate: 
    select
        cart0_.id as id1_0_,
        cart0_.discount as discount2_0_,
        cart0_.total_price as total_pr3_0_,
        cart0_.voucher_discount as voucher_4_0_ 
    from
        cart cart0_ 
    where
        cart0_.id=1
Hibernate: 
    select
        items0_.counter_id as counter_1_2_0_,
        items0_.items as items2_2_0_,
        items0_.item_id as item_id3_0_,
        item1_.id as id1_1_1_,
        item1_.name as name2_1_1_,
        item1_.price as price3_1_1_ 
    from
        items_tracking_table items0_ 
    inner join
        item item1_ 
            on items0_.item_id=item1_.id 
    where
        items0_.counter_id=?
Hibernate: 
    select
        item0_.id as id1_1_0_,
        item0_.name as name2_1_0_,
        item0_.price as price3_1_0_ 
    from
        item item0_ 
    where
        item0_.id=?
Hibernate: 
    select
        count(*) as col_0_0_ 
    from
        item item0_ 
    where
        item0_.id=?
Hibernate: 
    select
        cart0_.id as id1_0_,
        cart0_.discount as discount2_0_,
        cart0_.total_price as total_pr3_0_,
        cart0_.voucher_discount as voucher_4_0_ 
    from
        cart cart0_ 
    where
        cart0_.id=1
Hibernate: 
    select
        items0_.counter_id as counter_1_2_0_,
        items0_.items as items2_2_0_,
        items0_.item_id as item_id3_0_,
        item1_.id as id1_1_1_,
        item1_.name as name2_1_1_,
        item1_.price as price3_1_1_ 
    from
        items_tracking_table items0_ 
    inner join
        item item1_ 
            on items0_.item_id=item1_.id 
    where
        items0_.counter_id=?
Hibernate: 
    select
        item0_.id as id1_1_0_,
        item0_.name as name2_1_0_,
        item0_.price as price3_1_0_ 
    from
        item item0_ 
    where
        item0_.id=?
Hibernate: 
    select
        count(*) as col_0_0_ 
    from
        item item0_ 
    where
        item0_.id=?
Hibernate: 
    select
        cart0_.id as id1_0_,
        cart0_.discount as discount2_0_,
        cart0_.total_price as total_pr3_0_,
        cart0_.voucher_discount as voucher_4_0_ 
    from
        cart cart0_ 
    where
        cart0_.id=1
Hibernate: 
    select
        items0_.counter_id as counter_1_2_0_,
        items0_.items as items2_2_0_,
        items0_.item_id as item_id3_0_,
        item1_.id as id1_1_1_,
        item1_.name as name2_1_1_,
        item1_.price as price3_1_1_ 
    from
        items_tracking_table items0_ 
    inner join
        item item1_ 
            on items0_.item_id=item1_.id 
    where
        items0_.counter_id=?
Hibernate: 
    select
        item0_.id as id1_1_0_,
        item0_.name as name2_1_0_,
        item0_.price as price3_1_0_ 
    from
        item item0_ 
    where
        item0_.id=?
Hibernate: 
    select
        count(*) as col_0_0_ 
    from
        item item0_ 
    where
        item0_.id=?
Hibernate: 
    select
        cart0_.id as id1_0_,
        cart0_.discount as discount2_0_,
        cart0_.total_price as total_pr3_0_,
        cart0_.voucher_discount as voucher_4_0_ 
    from
        cart cart0_ 
    where
        cart0_.id=1
Hibernate: 
    select
        items0_.counter_id as counter_1_2_0_,
        items0_.items as items2_2_0_,
        items0_.item_id as item_id3_0_,
        item1_.id as id1_1_1_,
        item1_.name as name2_1_1_,
        item1_.price as price3_1_1_ 
    from
        items_tracking_table items0_ 
    inner join
        item item1_ 
            on items0_.item_id=item1_.id 
    where
        items0_.counter_id=?
Hibernate: 
    select
        item0_.id as id1_1_0_,
        item0_.name as name2_1_0_,
        item0_.price as price3_1_0_ 
    from
        item item0_ 
    where
        item0_.id=?
Hibernate: 
    select
        count(*) as col_0_0_ 
    from
        item item0_ 
    where
        item0_.id=?
Hibernate: 
    select
        cart0_.id as id1_0_,
        cart0_.discount as discount2_0_,
        cart0_.total_price as total_pr3_0_,
        cart0_.voucher_discount as voucher_4_0_ 
    from
        cart cart0_ 
    where
        cart0_.id=1
Hibernate: 
    select
        items0_.counter_id as counter_1_2_0_,
        items0_.items as items2_2_0_,
        items0_.item_id as item_id3_0_,
        item1_.id as id1_1_1_,
        item1_.name as name2_1_1_,
        item1_.price as price3_1_1_ 
    from
        items_tracking_table items0_ 
    inner join
        item item1_ 
            on items0_.item_id=item1_.id 
    where
        items0_.counter_id=?
Hibernate: 
    select
        item0_.id as id1_1_0_,
        item0_.name as name2_1_0_,
        item0_.price as price3_1_0_ 
    from
        item item0_ 
    where
        item0_.id=?
Hibernate: 
    select
        count(*) as col_0_0_ 
    from
        item item0_ 
    where
        item0_.id=?
Hibernate: 
    select
        cart0_.id as id1_0_,
        cart0_.discount as discount2_0_,
        cart0_.total_price as total_pr3_0_,
        cart0_.voucher_discount as voucher_4_0_ 
    from
        cart cart0_ 
    where
        cart0_.id=1
Hibernate: 
    select
        items0_.counter_id as counter_1_2_0_,
        items0_.items as items2_2_0_,
        items0_.item_id as item_id3_0_,
        item1_.id as id1_1_1_,
        item1_.name as name2_1_1_,
        item1_.price as price3_1_1_ 
    from
        items_tracking_table items0_ 
    inner join
        item item1_ 
            on items0_.item_id=item1_.id 
    where
        items0_.counter_id=?
Hibernate: 
    select
        item0_.id as id1_1_0_,
        item0_.name as name2_1_0_,
        item0_.price as price3_1_0_ 
    from
        item item0_ 
    where
        item0_.id=?
Hibernate: 
    select
        count(*) as col_0_0_ 
    from
        item item0_ 
    where
        item0_.id=?
Hibernate: 
    select
        cart0_.id as id1_0_,
        cart0_.discount as discount2_0_,
        cart0_.total_price as total_pr3_0_,
        cart0_.voucher_discount as voucher_4_0_ 
    from
        cart cart0_ 
    where
        cart0_.id=1
Hibernate: 
    select
        items0_.counter_id as counter_1_2_0_,
        items0_.items as items2_2_0_,
        items0_.item_id as item_id3_0_,
        item1_.id as id1_1_1_,
        item1_.name as name2_1_1_,
        item1_.price as price3_1_1_ 
    from
        items_tracking_table items0_ 
    inner join
        item item1_ 
            on items0_.item_id=item1_.id 
    where
        items0_.counter_id=?
Hibernate: 
    select
        item0_.id as id1_1_0_,
        item0_.name as name2_1_0_,
        item0_.price as price3_1_0_ 
    from
        item item0_ 
    where
        item0_.id=?
Hibernate: 
    select
        count(*) as col_0_0_ 
    from
        item item0_ 
    where
        item0_.id=?
Hibernate: 
    select
        cart0_.id as id1_0_,
        cart0_.discount as discount2_0_,
        cart0_.total_price as total_pr3_0_,
        cart0_.voucher_discount as voucher_4_0_ 
    from
        cart cart0_ 
    where
        cart0_.id=1
Hibernate: 
    select
        items0_.counter_id as counter_1_2_0_,
        items0_.items as items2_2_0_,
        items0_.item_id as item_id3_0_,
        item1_.id as id1_1_1_,
        item1_.name as name2_1_1_,
        item1_.price as price3_1_1_ 
    from
        items_tracking_table items0_ 
    inner join
        item item1_ 
            on items0_.item_id=item1_.id 
    where
        items0_.counter_id=?
Hibernate: 
    update
        cart 
    set
        discount=?,
        total_price=?,
        voucher_discount=? 
    where
        id=?
Hibernate: 
    delete 
    from
        items_tracking_table 
    where
        counter_id=? 
        and item_id=?
Hibernate: 
    select
        count(*) as col_0_0_ 
    from
        item item0_ 
    where
        item0_.id=?
Hibernate: 
    select
        cart0_.id as id1_0_,
        cart0_.discount as discount2_0_,
        cart0_.total_price as total_pr3_0_,
        cart0_.voucher_discount as voucher_4_0_ 
    from
        cart cart0_ 
    where
        cart0_.id=1
Hibernate: 
    select
        items0_.counter_id as counter_1_2_0_,
        items0_.items as items2_2_0_,
        items0_.item_id as item_id3_0_,
        item1_.id as id1_1_1_,
        item1_.name as name2_1_1_,
        item1_.price as price3_1_1_ 
    from
        items_tracking_table items0_ 
    inner join
        item item1_ 
            on items0_.item_id=item1_.id 
    where
        items0_.counter_id=?
Hibernate: 
    update
        cart 
    set
        discount=?,
        total_price=?,
        voucher_discount=? 
    where
        id=?
Hibernate: 
    delete 
    from
        items_tracking_table 
    where
        counter_id=?
Hibernate: 
    select
        cart0_.id as id1_0_,
        cart0_.discount as discount2_0_,
        cart0_.total_price as total_pr3_0_,
        cart0_.voucher_discount as voucher_4_0_ 
    from
        cart cart0_ 
    where
        cart0_.id=1
Hibernate: 
    select
        items0_.counter_id as counter_1_2_0_,
        items0_.items as items2_2_0_,
        items0_.item_id as item_id3_0_,
        item1_.id as id1_1_1_,
        item1_.name as name2_1_1_,
        item1_.price as price3_1_1_ 
    from
        items_tracking_table items0_ 
    inner join
        item item1_ 
            on items0_.item_id=item1_.id 
    where
        items0_.counter_id=?
Hibernate: 
    select
        cart0_.id as id1_0_,
        cart0_.discount as discount2_0_,
        cart0_.total_price as total_pr3_0_,
        cart0_.voucher_discount as voucher_4_0_ 
    from
        cart cart0_ 
    where
        cart0_.id=1
Hibernate: 
    select
        items0_.counter_id as counter_1_2_0_,
        items0_.items as items2_2_0_,
        items0_.item_id as item_id3_0_,
        item1_.id as id1_1_1_,
        item1_.name as name2_1_1_,
        item1_.price as price3_1_1_ 
    from
        items_tracking_table items0_ 
    inner join
        item item1_ 
            on items0_.item_id=item1_.id 
    where
        items0_.counter_id=?
]]></system-out>
  </testcase>
  <testcase name="Verify GET /cart when cart is empty" classname="As a user of Online shop" time="0.068"/>
  <testcase name="Verify GET /cart returns the cart" classname="As a user of Online shop" time="0.068"/>
  <testcase name="Verify GET /items fetches all the items" classname="As a user of Online shop" time="0.004"/>
  <testcase name="Verify POST `/order` when items are in cart" classname="As a user of Online shop" time="0.084"/>
  <testcase name="Verify POST `/order` when voucher discount is applied" classname="As a user of Online shop" time="0.094">
    <failure message="expected:&lt;4[3.12]&gt; but was:&lt;4[4.00]&gt;" type="org.junit.ComparisonFailure"><![CDATA[org.junit.ComparisonFailure: expected:<4[3.12]> but was:<4[4.00]>
]]></failure>
    <system-out><![CDATA[2019-10-06 23:06:52.737  INFO 27472 --- [           main] .b.t.c.SpringBootTestContextBootstrapper : Neither @ContextConfiguration nor @ContextHierarchy found for test class [tests.cucumber.glue.Steps], using SpringBootContextLoader
2019-10-06 23:06:52.737  INFO 27472 --- [           main] o.s.t.c.support.AbstractContextLoader    : Could not detect default resource locations for test class [tests.cucumber.glue.Steps]: no resource found for suffixes {-context.xml, Context.groovy}.
2019-10-06 23:06:52.737  INFO 27472 --- [           main] .b.t.c.SpringBootTestContextBootstrapper : Loaded default TestExecutionListener class names from location [META-INF/spring.factories]: [org.springframework.boot.test.mock.mockito.MockitoTestExecutionListener, org.springframework.boot.test.mock.mockito.ResetMocksTestExecutionListener, org.springframework.boot.test.autoconfigure.restdocs.RestDocsTestExecutionListener, org.springframework.boot.test.autoconfigure.web.client.MockRestServiceServerResetTestExecutionListener, org.springframework.boot.test.autoconfigure.web.servlet.MockMvcPrintOnlyOnFailureTestExecutionListener, org.springframework.boot.test.autoconfigure.web.servlet.WebDriverTestExecutionListener, org.springframework.test.context.web.ServletTestExecutionListener, org.springframework.test.context.support.DirtiesContextBeforeModesTestExecutionListener, org.springframework.test.context.support.DependencyInjectionTestExecutionListener, org.springframework.test.context.support.DirtiesContextTestExecutionListener, org.springframework.test.context.transaction.TransactionalTestExecutionListener, org.springframework.test.context.jdbc.SqlScriptsTestExecutionListener]
2019-10-06 23:06:52.737  INFO 27472 --- [           main] .b.t.c.SpringBootTestContextBootstrapper : Using TestExecutionListeners: [org.springframework.test.context.web.ServletTestExecutionListener@317fa5dd, org.springframework.test.context.support.DirtiesContextBeforeModesTestExecutionListener@477906cf, org.springframework.boot.test.mock.mockito.MockitoTestExecutionListener@65234a9, org.springframework.boot.test.autoconfigure.SpringBootDependencyInjectionTestExecutionListener@4004bfba, org.springframework.test.context.support.DirtiesContextTestExecutionListener@c19bb2a, org.springframework.test.context.transaction.TransactionalTestExecutionListener@3599b18, org.springframework.test.context.jdbc.SqlScriptsTestExecutionListener@143900a6, org.springframework.boot.test.mock.mockito.ResetMocksTestExecutionListener@712594f4, org.springframework.boot.test.autoconfigure.restdocs.RestDocsTestExecutionListener@30a4a111, org.springframework.boot.test.autoconfigure.web.client.MockRestServiceServerResetTestExecutionListener@7f6a6d46, org.springframework.boot.test.autoconfigure.web.servlet.MockMvcPrintOnlyOnFailureTestExecutionListener@238a7e3d, org.springframework.boot.test.autoconfigure.web.servlet.WebDriverTestExecutionListener@7ed5cc8c]
Hibernate: 
    select
        item0_.id as id1_1_,
        item0_.name as name2_1_,
        item0_.price as price3_1_ 
    from
        item item0_
Hibernate: 
    select
        count(*) as col_0_0_ 
    from
        item item0_ 
    where
        item0_.id=?
Hibernate: 
    select
        cart0_.id as id1_0_,
        cart0_.discount as discount2_0_,
        cart0_.total_price as total_pr3_0_,
        cart0_.voucher_discount as voucher_4_0_ 
    from
        cart cart0_ 
    where
        cart0_.id=1
Hibernate: 
    select
        items0_.counter_id as counter_1_2_0_,
        items0_.items as items2_2_0_,
        items0_.item_id as item_id3_0_,
        item1_.id as id1_1_1_,
        item1_.name as name2_1_1_,
        item1_.price as price3_1_1_ 
    from
        items_tracking_table items0_ 
    inner join
        item item1_ 
            on items0_.item_id=item1_.id 
    where
        items0_.counter_id=?
Hibernate: 
    select
        item0_.id as id1_1_0_,
        item0_.name as name2_1_0_,
        item0_.price as price3_1_0_ 
    from
        item item0_ 
    where
        item0_.id=?
Hibernate: 
    select
        count(*) as col_0_0_ 
    from
        item item0_ 
    where
        item0_.id=?
Hibernate: 
    select
        cart0_.id as id1_0_,
        cart0_.discount as discount2_0_,
        cart0_.total_price as total_pr3_0_,
        cart0_.voucher_discount as voucher_4_0_ 
    from
        cart cart0_ 
    where
        cart0_.id=1
Hibernate: 
    select
        items0_.counter_id as counter_1_2_0_,
        items0_.items as items2_2_0_,
        items0_.item_id as item_id3_0_,
        item1_.id as id1_1_1_,
        item1_.name as name2_1_1_,
        item1_.price as price3_1_1_ 
    from
        items_tracking_table items0_ 
    inner join
        item item1_ 
            on items0_.item_id=item1_.id 
    where
        items0_.counter_id=?
Hibernate: 
    select
        item0_.id as id1_1_0_,
        item0_.name as name2_1_0_,
        item0_.price as price3_1_0_ 
    from
        item item0_ 
    where
        item0_.id=?
Hibernate: 
    select
        count(*) as col_0_0_ 
    from
        item item0_ 
    where
        item0_.id=?
Hibernate: 
    select
        cart0_.id as id1_0_,
        cart0_.discount as discount2_0_,
        cart0_.total_price as total_pr3_0_,
        cart0_.voucher_discount as voucher_4_0_ 
    from
        cart cart0_ 
    where
        cart0_.id=1
Hibernate: 
    select
        items0_.counter_id as counter_1_2_0_,
        items0_.items as items2_2_0_,
        items0_.item_id as item_id3_0_,
        item1_.id as id1_1_1_,
        item1_.name as name2_1_1_,
        item1_.price as price3_1_1_ 
    from
        items_tracking_table items0_ 
    inner join
        item item1_ 
            on items0_.item_id=item1_.id 
    where
        items0_.counter_id=?
Hibernate: 
    select
        item0_.id as id1_1_0_,
        item0_.name as name2_1_0_,
        item0_.price as price3_1_0_ 
    from
        item item0_ 
    where
        item0_.id=?
Hibernate: 
    select
        count(*) as col_0_0_ 
    from
        item item0_ 
    where
        item0_.id=?
Hibernate: 
    select
        cart0_.id as id1_0_,
        cart0_.discount as discount2_0_,
        cart0_.total_price as total_pr3_0_,
        cart0_.voucher_discount as voucher_4_0_ 
    from
        cart cart0_ 
    where
        cart0_.id=1
Hibernate: 
    select
        items0_.counter_id as counter_1_2_0_,
        items0_.items as items2_2_0_,
        items0_.item_id as item_id3_0_,
        item1_.id as id1_1_1_,
        item1_.name as name2_1_1_,
        item1_.price as price3_1_1_ 
    from
        items_tracking_table items0_ 
    inner join
        item item1_ 
            on items0_.item_id=item1_.id 
    where
        items0_.counter_id=?
Hibernate: 
    select
        item0_.id as id1_1_0_,
        item0_.name as name2_1_0_,
        item0_.price as price3_1_0_ 
    from
        item item0_ 
    where
        item0_.id=?
Hibernate: 
    select
        count(*) as col_0_0_ 
    from
        item item0_ 
    where
        item0_.id=?
Hibernate: 
    select
        cart0_.id as id1_0_,
        cart0_.discount as discount2_0_,
        cart0_.total_price as total_pr3_0_,
        cart0_.voucher_discount as voucher_4_0_ 
    from
        cart cart0_ 
    where
        cart0_.id=1
Hibernate: 
    select
        items0_.counter_id as counter_1_2_0_,
        items0_.items as items2_2_0_,
        items0_.item_id as item_id3_0_,
        item1_.id as id1_1_1_,
        item1_.name as name2_1_1_,
        item1_.price as price3_1_1_ 
    from
        items_tracking_table items0_ 
    inner join
        item item1_ 
            on items0_.item_id=item1_.id 
    where
        items0_.counter_id=?
Hibernate: 
    select
        item0_.id as id1_1_0_,
        item0_.name as name2_1_0_,
        item0_.price as price3_1_0_ 
    from
        item item0_ 
    where
        item0_.id=?
Hibernate: 
    select
        count(*) as col_0_0_ 
    from
        item item0_ 
    where
        item0_.id=?
Hibernate: 
    select
        cart0_.id as id1_0_,
        cart0_.discount as discount2_0_,
        cart0_.total_price as total_pr3_0_,
        cart0_.voucher_discount as voucher_4_0_ 
    from
        cart cart0_ 
    where
        cart0_.id=1
Hibernate: 
    select
        items0_.counter_id as counter_1_2_0_,
        items0_.items as items2_2_0_,
        items0_.item_id as item_id3_0_,
        item1_.id as id1_1_1_,
        item1_.name as name2_1_1_,
        item1_.price as price3_1_1_ 
    from
        items_tracking_table items0_ 
    inner join
        item item1_ 
            on items0_.item_id=item1_.id 
    where
        items0_.counter_id=?
Hibernate: 
    select
        item0_.id as id1_1_0_,
        item0_.name as name2_1_0_,
        item0_.price as price3_1_0_ 
    from
        item item0_ 
    where
        item0_.id=?
Hibernate: 
    select
        count(*) as col_0_0_ 
    from
        item item0_ 
    where
        item0_.id=?
Hibernate: 
    select
        cart0_.id as id1_0_,
        cart0_.discount as discount2_0_,
        cart0_.total_price as total_pr3_0_,
        cart0_.voucher_discount as voucher_4_0_ 
    from
        cart cart0_ 
    where
        cart0_.id=1
Hibernate: 
    select
        items0_.counter_id as counter_1_2_0_,
        items0_.items as items2_2_0_,
        items0_.item_id as item_id3_0_,
        item1_.id as id1_1_1_,
        item1_.name as name2_1_1_,
        item1_.price as price3_1_1_ 
    from
        items_tracking_table items0_ 
    inner join
        item item1_ 
            on items0_.item_id=item1_.id 
    where
        items0_.counter_id=?
Hibernate: 
    select
        item0_.id as id1_1_0_,
        item0_.name as name2_1_0_,
        item0_.price as price3_1_0_ 
    from
        item item0_ 
    where
        item0_.id=?
Hibernate: 
    select
        count(*) as col_0_0_ 
    from
        item item0_ 
    where
        item0_.id=?
Hibernate: 
    select
        cart0_.id as id1_0_,
        cart0_.discount as discount2_0_,
        cart0_.total_price as total_pr3_0_,
        cart0_.voucher_discount as voucher_4_0_ 
    from
        cart cart0_ 
    where
        cart0_.id=1
Hibernate: 
    select
        items0_.counter_id as counter_1_2_0_,
        items0_.items as items2_2_0_,
        items0_.item_id as item_id3_0_,
        item1_.id as id1_1_1_,
        item1_.name as name2_1_1_,
        item1_.price as price3_1_1_ 
    from
        items_tracking_table items0_ 
    inner join
        item item1_ 
            on items0_.item_id=item1_.id 
    where
        items0_.counter_id=?
Hibernate: 
    select
        item0_.id as id1_1_0_,
        item0_.name as name2_1_0_,
        item0_.price as price3_1_0_ 
    from
        item item0_ 
    where
        item0_.id=?
Hibernate: 
    select
        count(*) as col_0_0_ 
    from
        item item0_ 
    where
        item0_.id=?
Hibernate: 
    select
        cart0_.id as id1_0_,
        cart0_.discount as discount2_0_,
        cart0_.total_price as total_pr3_0_,
        cart0_.voucher_discount as voucher_4_0_ 
    from
        cart cart0_ 
    where
        cart0_.id=1
Hibernate: 
    select
        items0_.counter_id as counter_1_2_0_,
        items0_.items as items2_2_0_,
        items0_.item_id as item_id3_0_,
        item1_.id as id1_1_1_,
        item1_.name as name2_1_1_,
        item1_.price as price3_1_1_ 
    from
        items_tracking_table items0_ 
    inner join
        item item1_ 
            on items0_.item_id=item1_.id 
    where
        items0_.counter_id=?
Hibernate: 
    select
        item0_.id as id1_1_0_,
        item0_.name as name2_1_0_,
        item0_.price as price3_1_0_ 
    from
        item item0_ 
    where
        item0_.id=?
Hibernate: 
    select
        cart0_.id as id1_0_,
        cart0_.discount as discount2_0_,
        cart0_.total_price as total_pr3_0_,
        cart0_.voucher_discount as voucher_4_0_ 
    from
        cart cart0_ 
    where
        cart0_.id=1
Hibernate: 
    select
        items0_.counter_id as counter_1_2_0_,
        items0_.items as items2_2_0_,
        items0_.item_id as item_id3_0_,
        item1_.id as id1_1_1_,
        item1_.name as name2_1_1_,
        item1_.price as price3_1_1_ 
    from
        items_tracking_table items0_ 
    inner join
        item item1_ 
            on items0_.item_id=item1_.id 
    where
        items0_.counter_id=?
Hibernate: 
    select
        count(*) as col_0_0_ 
    from
        item item0_ 
    where
        item0_.id=?
Hibernate: 
    select
        cart0_.id as id1_0_,
        cart0_.discount as discount2_0_,
        cart0_.total_price as total_pr3_0_,
        cart0_.voucher_discount as voucher_4_0_ 
    from
        cart cart0_ 
    where
        cart0_.id=1
Hibernate: 
    select
        items0_.counter_id as counter_1_2_0_,
        items0_.items as items2_2_0_,
        items0_.item_id as item_id3_0_,
        item1_.id as id1_1_1_,
        item1_.name as name2_1_1_,
        item1_.price as price3_1_1_ 
    from
        items_tracking_table items0_ 
    inner join
        item item1_ 
            on items0_.item_id=item1_.id 
    where
        items0_.counter_id=?
Hibernate: 
    select
        item0_.id as id1_1_0_,
        item0_.name as name2_1_0_,
        item0_.price as price3_1_0_ 
    from
        item item0_ 
    where
        item0_.id=?
Hibernate: 
    update
        cart 
    set
        discount=?,
        total_price=?,
        voucher_discount=? 
    where
        id=?
Hibernate: 
    insert 
    into
        items_tracking_table
        (counter_id, item_id, items) 
    values
        (?, ?, ?)
Hibernate: 
    select
        count(*) as col_0_0_ 
    from
        item item0_ 
    where
        item0_.id=?
Hibernate: 
    select
        cart0_.id as id1_0_,
        cart0_.discount as discount2_0_,
        cart0_.total_price as total_pr3_0_,
        cart0_.voucher_discount as voucher_4_0_ 
    from
        cart cart0_ 
    where
        cart0_.id=1
Hibernate: 
    select
        items0_.counter_id as counter_1_2_0_,
        items0_.items as items2_2_0_,
        items0_.item_id as item_id3_0_,
        item1_.id as id1_1_1_,
        item1_.name as name2_1_1_,
        item1_.price as price3_1_1_ 
    from
        items_tracking_table items0_ 
    inner join
        item item1_ 
            on items0_.item_id=item1_.id 
    where
        items0_.counter_id=?
Hibernate: 
    select
        item0_.id as id1_1_0_,
        item0_.name as name2_1_0_,
        item0_.price as price3_1_0_ 
    from
        item item0_ 
    where
        item0_.id=?
Hibernate: 
    update
        cart 
    set
        discount=?,
        total_price=?,
        voucher_discount=? 
    where
        id=?
Hibernate: 
    insert 
    into
        items_tracking_table
        (counter_id, item_id, items) 
    values
        (?, ?, ?)
Hibernate: 
    select
        cart0_.id as id1_0_,
        cart0_.discount as discount2_0_,
        cart0_.total_price as total_pr3_0_,
        cart0_.voucher_discount as voucher_4_0_ 
    from
        cart cart0_ 
    where
        cart0_.id=1
Hibernate: 
    select
        items0_.counter_id as counter_1_2_0_,
        items0_.items as items2_2_0_,
        items0_.item_id as item_id3_0_,
        item1_.id as id1_1_1_,
        item1_.name as name2_1_1_,
        item1_.price as price3_1_1_ 
    from
        items_tracking_table items0_ 
    inner join
        item item1_ 
            on items0_.item_id=item1_.id 
    where
        items0_.counter_id=?
Hibernate: 
    update
        cart 
    set
        discount=?,
        total_price=?,
        voucher_discount=? 
    where
        id=?
Hibernate: 
    select
        cart0_.id as id1_0_,
        cart0_.discount as discount2_0_,
        cart0_.total_price as total_pr3_0_,
        cart0_.voucher_discount as voucher_4_0_ 
    from
        cart cart0_ 
    where
        cart0_.id=1
Hibernate: 
    select
        items0_.counter_id as counter_1_2_0_,
        items0_.items as items2_2_0_,
        items0_.item_id as item_id3_0_,
        item1_.id as id1_1_1_,
        item1_.name as name2_1_1_,
        item1_.price as price3_1_1_ 
    from
        items_tracking_table items0_ 
    inner join
        item item1_ 
            on items0_.item_id=item1_.id 
    where
        items0_.counter_id=?
Cart {"total_price":44.0,"price_after_discount":43.12,"items":[{"item":{"id":1,"name":"Star Wars XXVII PC Game DLC 1","price":20.0},"count":1},{"item":{"id":2,"name":"Star Wars XXVII PC Game DLC 2","price":24.0},"count":1}],"discount":0,"voucherDiscount":2}
Hibernate: 
    select
        cart0_.id as id1_0_,
        cart0_.discount as discount2_0_,
        cart0_.total_price as total_pr3_0_,
        cart0_.voucher_discount as voucher_4_0_ 
    from
        cart cart0_ 
    where
        cart0_.id=1
Hibernate: 
    select
        items0_.counter_id as counter_1_2_0_,
        items0_.items as items2_2_0_,
        items0_.item_id as item_id3_0_,
        item1_.id as id1_1_1_,
        item1_.name as name2_1_1_,
        item1_.price as price3_1_1_ 
    from
        items_tracking_table items0_ 
    inner join
        item item1_ 
            on items0_.item_id=item1_.id 
    where
        items0_.counter_id=?
Hibernate: 
    update
        cart 
    set
        discount=?,
        total_price=?,
        voucher_discount=? 
    where
        id=?
Hibernate: 
    delete 
    from
        items_tracking_table 
    where
        counter_id=?
]]></system-out>
  </testcase>
  <testcase name="Verify POST `/order` when discount is applied" classname="As a user of Online shop" time="0.104"/>
  <testcase name="Verify POST `/order` when discount and voucher discount is applied" classname="As a user of Online shop" time="0.108">
    <failure message="expected:&lt;2[79].00&gt; but was:&lt;2[85].00&gt;" type="org.junit.ComparisonFailure"><![CDATA[org.junit.ComparisonFailure: expected:<2[79].00> but was:<2[85].00>
]]></failure>
    <system-out><![CDATA[2019-10-06 23:06:52.963  INFO 27472 --- [           main] .b.t.c.SpringBootTestContextBootstrapper : Neither @ContextConfiguration nor @ContextHierarchy found for test class [tests.cucumber.glue.Steps], using SpringBootContextLoader
2019-10-06 23:06:52.963  INFO 27472 --- [           main] o.s.t.c.support.AbstractContextLoader    : Could not detect default resource locations for test class [tests.cucumber.glue.Steps]: no resource found for suffixes {-context.xml, Context.groovy}.
2019-10-06 23:06:52.967  INFO 27472 --- [           main] .b.t.c.SpringBootTestContextBootstrapper : Loaded default TestExecutionListener class names from location [META-INF/spring.factories]: [org.springframework.boot.test.mock.mockito.MockitoTestExecutionListener, org.springframework.boot.test.mock.mockito.ResetMocksTestExecutionListener, org.springframework.boot.test.autoconfigure.restdocs.RestDocsTestExecutionListener, org.springframework.boot.test.autoconfigure.web.client.MockRestServiceServerResetTestExecutionListener, org.springframework.boot.test.autoconfigure.web.servlet.MockMvcPrintOnlyOnFailureTestExecutionListener, org.springframework.boot.test.autoconfigure.web.servlet.WebDriverTestExecutionListener, org.springframework.test.context.web.ServletTestExecutionListener, org.springframework.test.context.support.DirtiesContextBeforeModesTestExecutionListener, org.springframework.test.context.support.DependencyInjectionTestExecutionListener, org.springframework.test.context.support.DirtiesContextTestExecutionListener, org.springframework.test.context.transaction.TransactionalTestExecutionListener, org.springframework.test.context.jdbc.SqlScriptsTestExecutionListener]
2019-10-06 23:06:52.967  INFO 27472 --- [           main] .b.t.c.SpringBootTestContextBootstrapper : Using TestExecutionListeners: [org.springframework.test.context.web.ServletTestExecutionListener@13bf5fd, org.springframework.test.context.support.DirtiesContextBeforeModesTestExecutionListener@2eafb4e7, org.springframework.boot.test.mock.mockito.MockitoTestExecutionListener@32050628, org.springframework.boot.test.autoconfigure.SpringBootDependencyInjectionTestExecutionListener@18d14de3, org.springframework.test.context.support.DirtiesContextTestExecutionListener@469bd719, org.springframework.test.context.transaction.TransactionalTestExecutionListener@15405ba1, org.springframework.test.context.jdbc.SqlScriptsTestExecutionListener@f6e3b67, org.springframework.boot.test.mock.mockito.ResetMocksTestExecutionListener@1dc2c13c, org.springframework.boot.test.autoconfigure.restdocs.RestDocsTestExecutionListener@579ee82, org.springframework.boot.test.autoconfigure.web.client.MockRestServiceServerResetTestExecutionListener@127320df, org.springframework.boot.test.autoconfigure.web.servlet.MockMvcPrintOnlyOnFailureTestExecutionListener@6c3884f5, org.springframework.boot.test.autoconfigure.web.servlet.WebDriverTestExecutionListener@6778636f]
Hibernate: 
    select
        item0_.id as id1_1_,
        item0_.name as name2_1_,
        item0_.price as price3_1_ 
    from
        item item0_
Hibernate: 
    select
        count(*) as col_0_0_ 
    from
        item item0_ 
    where
        item0_.id=?
Hibernate: 
    select
        cart0_.id as id1_0_,
        cart0_.discount as discount2_0_,
        cart0_.total_price as total_pr3_0_,
        cart0_.voucher_discount as voucher_4_0_ 
    from
        cart cart0_ 
    where
        cart0_.id=1
Hibernate: 
    select
        items0_.counter_id as counter_1_2_0_,
        items0_.items as items2_2_0_,
        items0_.item_id as item_id3_0_,
        item1_.id as id1_1_1_,
        item1_.name as name2_1_1_,
        item1_.price as price3_1_1_ 
    from
        items_tracking_table items0_ 
    inner join
        item item1_ 
            on items0_.item_id=item1_.id 
    where
        items0_.counter_id=?
Hibernate: 
    select
        item0_.id as id1_1_0_,
        item0_.name as name2_1_0_,
        item0_.price as price3_1_0_ 
    from
        item item0_ 
    where
        item0_.id=?
Hibernate: 
    select
        count(*) as col_0_0_ 
    from
        item item0_ 
    where
        item0_.id=?
Hibernate: 
    select
        cart0_.id as id1_0_,
        cart0_.discount as discount2_0_,
        cart0_.total_price as total_pr3_0_,
        cart0_.voucher_discount as voucher_4_0_ 
    from
        cart cart0_ 
    where
        cart0_.id=1
Hibernate: 
    select
        items0_.counter_id as counter_1_2_0_,
        items0_.items as items2_2_0_,
        items0_.item_id as item_id3_0_,
        item1_.id as id1_1_1_,
        item1_.name as name2_1_1_,
        item1_.price as price3_1_1_ 
    from
        items_tracking_table items0_ 
    inner join
        item item1_ 
            on items0_.item_id=item1_.id 
    where
        items0_.counter_id=?
Hibernate: 
    select
        item0_.id as id1_1_0_,
        item0_.name as name2_1_0_,
        item0_.price as price3_1_0_ 
    from
        item item0_ 
    where
        item0_.id=?
Hibernate: 
    select
        count(*) as col_0_0_ 
    from
        item item0_ 
    where
        item0_.id=?
Hibernate: 
    select
        cart0_.id as id1_0_,
        cart0_.discount as discount2_0_,
        cart0_.total_price as total_pr3_0_,
        cart0_.voucher_discount as voucher_4_0_ 
    from
        cart cart0_ 
    where
        cart0_.id=1
Hibernate: 
    select
        items0_.counter_id as counter_1_2_0_,
        items0_.items as items2_2_0_,
        items0_.item_id as item_id3_0_,
        item1_.id as id1_1_1_,
        item1_.name as name2_1_1_,
        item1_.price as price3_1_1_ 
    from
        items_tracking_table items0_ 
    inner join
        item item1_ 
            on items0_.item_id=item1_.id 
    where
        items0_.counter_id=?
Hibernate: 
    select
        item0_.id as id1_1_0_,
        item0_.name as name2_1_0_,
        item0_.price as price3_1_0_ 
    from
        item item0_ 
    where
        item0_.id=?
Hibernate: 
    select
        count(*) as col_0_0_ 
    from
        item item0_ 
    where
        item0_.id=?
Hibernate: 
    select
        cart0_.id as id1_0_,
        cart0_.discount as discount2_0_,
        cart0_.total_price as total_pr3_0_,
        cart0_.voucher_discount as voucher_4_0_ 
    from
        cart cart0_ 
    where
        cart0_.id=1
Hibernate: 
    select
        items0_.counter_id as counter_1_2_0_,
        items0_.items as items2_2_0_,
        items0_.item_id as item_id3_0_,
        item1_.id as id1_1_1_,
        item1_.name as name2_1_1_,
        item1_.price as price3_1_1_ 
    from
        items_tracking_table items0_ 
    inner join
        item item1_ 
            on items0_.item_id=item1_.id 
    where
        items0_.counter_id=?
Hibernate: 
    select
        item0_.id as id1_1_0_,
        item0_.name as name2_1_0_,
        item0_.price as price3_1_0_ 
    from
        item item0_ 
    where
        item0_.id=?
Hibernate: 
    select
        count(*) as col_0_0_ 
    from
        item item0_ 
    where
        item0_.id=?
Hibernate: 
    select
        cart0_.id as id1_0_,
        cart0_.discount as discount2_0_,
        cart0_.total_price as total_pr3_0_,
        cart0_.voucher_discount as voucher_4_0_ 
    from
        cart cart0_ 
    where
        cart0_.id=1
Hibernate: 
    select
        items0_.counter_id as counter_1_2_0_,
        items0_.items as items2_2_0_,
        items0_.item_id as item_id3_0_,
        item1_.id as id1_1_1_,
        item1_.name as name2_1_1_,
        item1_.price as price3_1_1_ 
    from
        items_tracking_table items0_ 
    inner join
        item item1_ 
            on items0_.item_id=item1_.id 
    where
        items0_.counter_id=?
Hibernate: 
    select
        item0_.id as id1_1_0_,
        item0_.name as name2_1_0_,
        item0_.price as price3_1_0_ 
    from
        item item0_ 
    where
        item0_.id=?
Hibernate: 
    select
        count(*) as col_0_0_ 
    from
        item item0_ 
    where
        item0_.id=?
Hibernate: 
    select
        cart0_.id as id1_0_,
        cart0_.discount as discount2_0_,
        cart0_.total_price as total_pr3_0_,
        cart0_.voucher_discount as voucher_4_0_ 
    from
        cart cart0_ 
    where
        cart0_.id=1
Hibernate: 
    select
        items0_.counter_id as counter_1_2_0_,
        items0_.items as items2_2_0_,
        items0_.item_id as item_id3_0_,
        item1_.id as id1_1_1_,
        item1_.name as name2_1_1_,
        item1_.price as price3_1_1_ 
    from
        items_tracking_table items0_ 
    inner join
        item item1_ 
            on items0_.item_id=item1_.id 
    where
        items0_.counter_id=?
Hibernate: 
    select
        item0_.id as id1_1_0_,
        item0_.name as name2_1_0_,
        item0_.price as price3_1_0_ 
    from
        item item0_ 
    where
        item0_.id=?
Hibernate: 
    select
        count(*) as col_0_0_ 
    from
        item item0_ 
    where
        item0_.id=?
Hibernate: 
    select
        cart0_.id as id1_0_,
        cart0_.discount as discount2_0_,
        cart0_.total_price as total_pr3_0_,
        cart0_.voucher_discount as voucher_4_0_ 
    from
        cart cart0_ 
    where
        cart0_.id=1
Hibernate: 
    select
        items0_.counter_id as counter_1_2_0_,
        items0_.items as items2_2_0_,
        items0_.item_id as item_id3_0_,
        item1_.id as id1_1_1_,
        item1_.name as name2_1_1_,
        item1_.price as price3_1_1_ 
    from
        items_tracking_table items0_ 
    inner join
        item item1_ 
            on items0_.item_id=item1_.id 
    where
        items0_.counter_id=?
Hibernate: 
    select
        item0_.id as id1_1_0_,
        item0_.name as name2_1_0_,
        item0_.price as price3_1_0_ 
    from
        item item0_ 
    where
        item0_.id=?
Hibernate: 
    select
        count(*) as col_0_0_ 
    from
        item item0_ 
    where
        item0_.id=?
Hibernate: 
    select
        cart0_.id as id1_0_,
        cart0_.discount as discount2_0_,
        cart0_.total_price as total_pr3_0_,
        cart0_.voucher_discount as voucher_4_0_ 
    from
        cart cart0_ 
    where
        cart0_.id=1
Hibernate: 
    select
        items0_.counter_id as counter_1_2_0_,
        items0_.items as items2_2_0_,
        items0_.item_id as item_id3_0_,
        item1_.id as id1_1_1_,
        item1_.name as name2_1_1_,
        item1_.price as price3_1_1_ 
    from
        items_tracking_table items0_ 
    inner join
        item item1_ 
            on items0_.item_id=item1_.id 
    where
        items0_.counter_id=?
Hibernate: 
    select
        item0_.id as id1_1_0_,
        item0_.name as name2_1_0_,
        item0_.price as price3_1_0_ 
    from
        item item0_ 
    where
        item0_.id=?
Hibernate: 
    select
        count(*) as col_0_0_ 
    from
        item item0_ 
    where
        item0_.id=?
Hibernate: 
    select
        cart0_.id as id1_0_,
        cart0_.discount as discount2_0_,
        cart0_.total_price as total_pr3_0_,
        cart0_.voucher_discount as voucher_4_0_ 
    from
        cart cart0_ 
    where
        cart0_.id=1
Hibernate: 
    select
        items0_.counter_id as counter_1_2_0_,
        items0_.items as items2_2_0_,
        items0_.item_id as item_id3_0_,
        item1_.id as id1_1_1_,
        item1_.name as name2_1_1_,
        item1_.price as price3_1_1_ 
    from
        items_tracking_table items0_ 
    inner join
        item item1_ 
            on items0_.item_id=item1_.id 
    where
        items0_.counter_id=?
Hibernate: 
    select
        item0_.id as id1_1_0_,
        item0_.name as name2_1_0_,
        item0_.price as price3_1_0_ 
    from
        item item0_ 
    where
        item0_.id=?
Hibernate: 
    select
        cart0_.id as id1_0_,
        cart0_.discount as discount2_0_,
        cart0_.total_price as total_pr3_0_,
        cart0_.voucher_discount as voucher_4_0_ 
    from
        cart cart0_ 
    where
        cart0_.id=1
Hibernate: 
    select
        items0_.counter_id as counter_1_2_0_,
        items0_.items as items2_2_0_,
        items0_.item_id as item_id3_0_,
        item1_.id as id1_1_1_,
        item1_.name as name2_1_1_,
        item1_.price as price3_1_1_ 
    from
        items_tracking_table items0_ 
    inner join
        item item1_ 
            on items0_.item_id=item1_.id 
    where
        items0_.counter_id=?
Hibernate: 
    select
        count(*) as col_0_0_ 
    from
        item item0_ 
    where
        item0_.id=?
Hibernate: 
    select
        cart0_.id as id1_0_,
        cart0_.discount as discount2_0_,
        cart0_.total_price as total_pr3_0_,
        cart0_.voucher_discount as voucher_4_0_ 
    from
        cart cart0_ 
    where
        cart0_.id=1
Hibernate: 
    select
        items0_.counter_id as counter_1_2_0_,
        items0_.items as items2_2_0_,
        items0_.item_id as item_id3_0_,
        item1_.id as id1_1_1_,
        item1_.name as name2_1_1_,
        item1_.price as price3_1_1_ 
    from
        items_tracking_table items0_ 
    inner join
        item item1_ 
            on items0_.item_id=item1_.id 
    where
        items0_.counter_id=?
Hibernate: 
    select
        item0_.id as id1_1_0_,
        item0_.name as name2_1_0_,
        item0_.price as price3_1_0_ 
    from
        item item0_ 
    where
        item0_.id=?
Hibernate: 
    update
        cart 
    set
        discount=?,
        total_price=?,
        voucher_discount=? 
    where
        id=?
Hibernate: 
    insert 
    into
        items_tracking_table
        (counter_id, item_id, items) 
    values
        (?, ?, ?)
Hibernate: 
    select
        cart0_.id as id1_0_,
        cart0_.discount as discount2_0_,
        cart0_.total_price as total_pr3_0_,
        cart0_.voucher_discount as voucher_4_0_ 
    from
        cart cart0_ 
    where
        cart0_.id=1
Hibernate: 
    select
        items0_.counter_id as counter_1_2_0_,
        items0_.items as items2_2_0_,
        items0_.item_id as item_id3_0_,
        item1_.id as id1_1_1_,
        item1_.name as name2_1_1_,
        item1_.price as price3_1_1_ 
    from
        items_tracking_table items0_ 
    inner join
        item item1_ 
            on items0_.item_id=item1_.id 
    where
        items0_.counter_id=?
Hibernate: 
    update
        cart 
    set
        discount=?,
        total_price=?,
        voucher_discount=? 
    where
        id=?
Hibernate: 
    select
        cart0_.id as id1_0_,
        cart0_.discount as discount2_0_,
        cart0_.total_price as total_pr3_0_,
        cart0_.voucher_discount as voucher_4_0_ 
    from
        cart cart0_ 
    where
        cart0_.id=1
Hibernate: 
    select
        items0_.counter_id as counter_1_2_0_,
        items0_.items as items2_2_0_,
        items0_.item_id as item_id3_0_,
        item1_.id as id1_1_1_,
        item1_.name as name2_1_1_,
        item1_.price as price3_1_1_ 
    from
        items_tracking_table items0_ 
    inner join
        item item1_ 
            on items0_.item_id=item1_.id 
    where
        items0_.counter_id=?
Cart {"total_price":300.0,"price_after_discount":279.0,"items":[{"item":{"id":5,"name":"Star Wars XXVII PC Game DLC 5 Start Wars Episode III Hero Costumes","price":300.0},"count":1}],"discount":5,"voucherDiscount":2}
Hibernate: 
    select
        cart0_.id as id1_0_,
        cart0_.discount as discount2_0_,
        cart0_.total_price as total_pr3_0_,
        cart0_.voucher_discount as voucher_4_0_ 
    from
        cart cart0_ 
    where
        cart0_.id=1
Hibernate: 
    select
        items0_.counter_id as counter_1_2_0_,
        items0_.items as items2_2_0_,
        items0_.item_id as item_id3_0_,
        item1_.id as id1_1_1_,
        item1_.name as name2_1_1_,
        item1_.price as price3_1_1_ 
    from
        items_tracking_table items0_ 
    inner join
        item item1_ 
            on items0_.item_id=item1_.id 
    where
        items0_.counter_id=?
Hibernate: 
    update
        cart 
    set
        discount=?,
        total_price=?,
        voucher_discount=? 
    where
        id=?
Hibernate: 
    delete 
    from
        items_tracking_table 
    where
        counter_id=?
]]></system-out>
  </testcase>
  <testcase name="Verify POST `/order` when no items in cart" classname="As a user of Online shop" time="0.064">
    <failure message="expected:&lt;&quot;[4]00&quot;&gt; but was:&lt;&quot;[2]00&quot;&gt;" type="org.junit.ComparisonFailure"><![CDATA[org.junit.ComparisonFailure: expected:<"[4]00"> but was:<"[2]00">
]]></failure>
    <system-out><![CDATA[2019-10-06 23:06:53.091  INFO 27472 --- [           main] .b.t.c.SpringBootTestContextBootstrapper : Neither @ContextConfiguration nor @ContextHierarchy found for test class [tests.cucumber.glue.Steps], using SpringBootContextLoader
2019-10-06 23:06:53.091  INFO 27472 --- [           main] o.s.t.c.support.AbstractContextLoader    : Could not detect default resource locations for test class [tests.cucumber.glue.Steps]: no resource found for suffixes {-context.xml, Context.groovy}.
2019-10-06 23:06:53.095  INFO 27472 --- [           main] .b.t.c.SpringBootTestContextBootstrapper : Loaded default TestExecutionListener class names from location [META-INF/spring.factories]: [org.springframework.boot.test.mock.mockito.MockitoTestExecutionListener, org.springframework.boot.test.mock.mockito.ResetMocksTestExecutionListener, org.springframework.boot.test.autoconfigure.restdocs.RestDocsTestExecutionListener, org.springframework.boot.test.autoconfigure.web.client.MockRestServiceServerResetTestExecutionListener, org.springframework.boot.test.autoconfigure.web.servlet.MockMvcPrintOnlyOnFailureTestExecutionListener, org.springframework.boot.test.autoconfigure.web.servlet.WebDriverTestExecutionListener, org.springframework.test.context.web.ServletTestExecutionListener, org.springframework.test.context.support.DirtiesContextBeforeModesTestExecutionListener, org.springframework.test.context.support.DependencyInjectionTestExecutionListener, org.springframework.test.context.support.DirtiesContextTestExecutionListener, org.springframework.test.context.transaction.TransactionalTestExecutionListener, org.springframework.test.context.jdbc.SqlScriptsTestExecutionListener]
2019-10-06 23:06:53.095  INFO 27472 --- [           main] .b.t.c.SpringBootTestContextBootstrapper : Using TestExecutionListeners: [org.springframework.test.context.web.ServletTestExecutionListener@6a26eee6, org.springframework.test.context.support.DirtiesContextBeforeModesTestExecutionListener@4be1c797, org.springframework.boot.test.mock.mockito.MockitoTestExecutionListener@76bdfc19, org.springframework.boot.test.autoconfigure.SpringBootDependencyInjectionTestExecutionListener@1248f83, org.springframework.test.context.support.DirtiesContextTestExecutionListener@5c28009f, org.springframework.test.context.transaction.TransactionalTestExecutionListener@19b0a9f2, org.springframework.test.context.jdbc.SqlScriptsTestExecutionListener@f4c3e9, org.springframework.boot.test.mock.mockito.ResetMocksTestExecutionListener@25890ce3, org.springframework.boot.test.autoconfigure.restdocs.RestDocsTestExecutionListener@39b9dc35, org.springframework.boot.test.autoconfigure.web.client.MockRestServiceServerResetTestExecutionListener@25da1dc9, org.springframework.boot.test.autoconfigure.web.servlet.MockMvcPrintOnlyOnFailureTestExecutionListener@3976910, org.springframework.boot.test.autoconfigure.web.servlet.WebDriverTestExecutionListener@6e149395]
Hibernate: 
    select
        item0_.id as id1_1_,
        item0_.name as name2_1_,
        item0_.price as price3_1_ 
    from
        item item0_
Hibernate: 
    select
        count(*) as col_0_0_ 
    from
        item item0_ 
    where
        item0_.id=?
Hibernate: 
    select
        cart0_.id as id1_0_,
        cart0_.discount as discount2_0_,
        cart0_.total_price as total_pr3_0_,
        cart0_.voucher_discount as voucher_4_0_ 
    from
        cart cart0_ 
    where
        cart0_.id=1
Hibernate: 
    select
        items0_.counter_id as counter_1_2_0_,
        items0_.items as items2_2_0_,
        items0_.item_id as item_id3_0_,
        item1_.id as id1_1_1_,
        item1_.name as name2_1_1_,
        item1_.price as price3_1_1_ 
    from
        items_tracking_table items0_ 
    inner join
        item item1_ 
            on items0_.item_id=item1_.id 
    where
        items0_.counter_id=?
Hibernate: 
    select
        item0_.id as id1_1_0_,
        item0_.name as name2_1_0_,
        item0_.price as price3_1_0_ 
    from
        item item0_ 
    where
        item0_.id=?
Hibernate: 
    select
        count(*) as col_0_0_ 
    from
        item item0_ 
    where
        item0_.id=?
Hibernate: 
    select
        cart0_.id as id1_0_,
        cart0_.discount as discount2_0_,
        cart0_.total_price as total_pr3_0_,
        cart0_.voucher_discount as voucher_4_0_ 
    from
        cart cart0_ 
    where
        cart0_.id=1
Hibernate: 
    select
        items0_.counter_id as counter_1_2_0_,
        items0_.items as items2_2_0_,
        items0_.item_id as item_id3_0_,
        item1_.id as id1_1_1_,
        item1_.name as name2_1_1_,
        item1_.price as price3_1_1_ 
    from
        items_tracking_table items0_ 
    inner join
        item item1_ 
            on items0_.item_id=item1_.id 
    where
        items0_.counter_id=?
Hibernate: 
    select
        item0_.id as id1_1_0_,
        item0_.name as name2_1_0_,
        item0_.price as price3_1_0_ 
    from
        item item0_ 
    where
        item0_.id=?
Hibernate: 
    select
        count(*) as col_0_0_ 
    from
        item item0_ 
    where
        item0_.id=?
Hibernate: 
    select
        cart0_.id as id1_0_,
        cart0_.discount as discount2_0_,
        cart0_.total_price as total_pr3_0_,
        cart0_.voucher_discount as voucher_4_0_ 
    from
        cart cart0_ 
    where
        cart0_.id=1
Hibernate: 
    select
        items0_.counter_id as counter_1_2_0_,
        items0_.items as items2_2_0_,
        items0_.item_id as item_id3_0_,
        item1_.id as id1_1_1_,
        item1_.name as name2_1_1_,
        item1_.price as price3_1_1_ 
    from
        items_tracking_table items0_ 
    inner join
        item item1_ 
            on items0_.item_id=item1_.id 
    where
        items0_.counter_id=?
Hibernate: 
    select
        item0_.id as id1_1_0_,
        item0_.name as name2_1_0_,
        item0_.price as price3_1_0_ 
    from
        item item0_ 
    where
        item0_.id=?
Hibernate: 
    select
        count(*) as col_0_0_ 
    from
        item item0_ 
    where
        item0_.id=?
Hibernate: 
    select
        cart0_.id as id1_0_,
        cart0_.discount as discount2_0_,
        cart0_.total_price as total_pr3_0_,
        cart0_.voucher_discount as voucher_4_0_ 
    from
        cart cart0_ 
    where
        cart0_.id=1
Hibernate: 
    select
        items0_.counter_id as counter_1_2_0_,
        items0_.items as items2_2_0_,
        items0_.item_id as item_id3_0_,
        item1_.id as id1_1_1_,
        item1_.name as name2_1_1_,
        item1_.price as price3_1_1_ 
    from
        items_tracking_table items0_ 
    inner join
        item item1_ 
            on items0_.item_id=item1_.id 
    where
        items0_.counter_id=?
Hibernate: 
    select
        item0_.id as id1_1_0_,
        item0_.name as name2_1_0_,
        item0_.price as price3_1_0_ 
    from
        item item0_ 
    where
        item0_.id=?
Hibernate: 
    select
        count(*) as col_0_0_ 
    from
        item item0_ 
    where
        item0_.id=?
Hibernate: 
    select
        cart0_.id as id1_0_,
        cart0_.discount as discount2_0_,
        cart0_.total_price as total_pr3_0_,
        cart0_.voucher_discount as voucher_4_0_ 
    from
        cart cart0_ 
    where
        cart0_.id=1
Hibernate: 
    select
        items0_.counter_id as counter_1_2_0_,
        items0_.items as items2_2_0_,
        items0_.item_id as item_id3_0_,
        item1_.id as id1_1_1_,
        item1_.name as name2_1_1_,
        item1_.price as price3_1_1_ 
    from
        items_tracking_table items0_ 
    inner join
        item item1_ 
            on items0_.item_id=item1_.id 
    where
        items0_.counter_id=?
Hibernate: 
    select
        item0_.id as id1_1_0_,
        item0_.name as name2_1_0_,
        item0_.price as price3_1_0_ 
    from
        item item0_ 
    where
        item0_.id=?
Hibernate: 
    select
        count(*) as col_0_0_ 
    from
        item item0_ 
    where
        item0_.id=?
Hibernate: 
    select
        cart0_.id as id1_0_,
        cart0_.discount as discount2_0_,
        cart0_.total_price as total_pr3_0_,
        cart0_.voucher_discount as voucher_4_0_ 
    from
        cart cart0_ 
    where
        cart0_.id=1
Hibernate: 
    select
        items0_.counter_id as counter_1_2_0_,
        items0_.items as items2_2_0_,
        items0_.item_id as item_id3_0_,
        item1_.id as id1_1_1_,
        item1_.name as name2_1_1_,
        item1_.price as price3_1_1_ 
    from
        items_tracking_table items0_ 
    inner join
        item item1_ 
            on items0_.item_id=item1_.id 
    where
        items0_.counter_id=?
Hibernate: 
    select
        item0_.id as id1_1_0_,
        item0_.name as name2_1_0_,
        item0_.price as price3_1_0_ 
    from
        item item0_ 
    where
        item0_.id=?
Hibernate: 
    select
        count(*) as col_0_0_ 
    from
        item item0_ 
    where
        item0_.id=?
Hibernate: 
    select
        cart0_.id as id1_0_,
        cart0_.discount as discount2_0_,
        cart0_.total_price as total_pr3_0_,
        cart0_.voucher_discount as voucher_4_0_ 
    from
        cart cart0_ 
    where
        cart0_.id=1
Hibernate: 
    select
        items0_.counter_id as counter_1_2_0_,
        items0_.items as items2_2_0_,
        items0_.item_id as item_id3_0_,
        item1_.id as id1_1_1_,
        item1_.name as name2_1_1_,
        item1_.price as price3_1_1_ 
    from
        items_tracking_table items0_ 
    inner join
        item item1_ 
            on items0_.item_id=item1_.id 
    where
        items0_.counter_id=?
Hibernate: 
    select
        item0_.id as id1_1_0_,
        item0_.name as name2_1_0_,
        item0_.price as price3_1_0_ 
    from
        item item0_ 
    where
        item0_.id=?
Hibernate: 
    select
        count(*) as col_0_0_ 
    from
        item item0_ 
    where
        item0_.id=?
Hibernate: 
    select
        cart0_.id as id1_0_,
        cart0_.discount as discount2_0_,
        cart0_.total_price as total_pr3_0_,
        cart0_.voucher_discount as voucher_4_0_ 
    from
        cart cart0_ 
    where
        cart0_.id=1
Hibernate: 
    select
        items0_.counter_id as counter_1_2_0_,
        items0_.items as items2_2_0_,
        items0_.item_id as item_id3_0_,
        item1_.id as id1_1_1_,
        item1_.name as name2_1_1_,
        item1_.price as price3_1_1_ 
    from
        items_tracking_table items0_ 
    inner join
        item item1_ 
            on items0_.item_id=item1_.id 
    where
        items0_.counter_id=?
Hibernate: 
    select
        item0_.id as id1_1_0_,
        item0_.name as name2_1_0_,
        item0_.price as price3_1_0_ 
    from
        item item0_ 
    where
        item0_.id=?
Hibernate: 
    select
        count(*) as col_0_0_ 
    from
        item item0_ 
    where
        item0_.id=?
Hibernate: 
    select
        cart0_.id as id1_0_,
        cart0_.discount as discount2_0_,
        cart0_.total_price as total_pr3_0_,
        cart0_.voucher_discount as voucher_4_0_ 
    from
        cart cart0_ 
    where
        cart0_.id=1
Hibernate: 
    select
        items0_.counter_id as counter_1_2_0_,
        items0_.items as items2_2_0_,
        items0_.item_id as item_id3_0_,
        item1_.id as id1_1_1_,
        item1_.name as name2_1_1_,
        item1_.price as price3_1_1_ 
    from
        items_tracking_table items0_ 
    inner join
        item item1_ 
            on items0_.item_id=item1_.id 
    where
        items0_.counter_id=?
Hibernate: 
    select
        item0_.id as id1_1_0_,
        item0_.name as name2_1_0_,
        item0_.price as price3_1_0_ 
    from
        item item0_ 
    where
        item0_.id=?
Hibernate: 
    select
        cart0_.id as id1_0_,
        cart0_.discount as discount2_0_,
        cart0_.total_price as total_pr3_0_,
        cart0_.voucher_discount as voucher_4_0_ 
    from
        cart cart0_ 
    where
        cart0_.id=1
Hibernate: 
    select
        items0_.counter_id as counter_1_2_0_,
        items0_.items as items2_2_0_,
        items0_.item_id as item_id3_0_,
        item1_.id as id1_1_1_,
        item1_.name as name2_1_1_,
        item1_.price as price3_1_1_ 
    from
        items_tracking_table items0_ 
    inner join
        item item1_ 
            on items0_.item_id=item1_.id 
    where
        items0_.counter_id=?
Hibernate: 
    select
        cart0_.id as id1_0_,
        cart0_.discount as discount2_0_,
        cart0_.total_price as total_pr3_0_,
        cart0_.voucher_discount as voucher_4_0_ 
    from
        cart cart0_ 
    where
        cart0_.id=1
Hibernate: 
    select
        items0_.counter_id as counter_1_2_0_,
        items0_.items as items2_2_0_,
        items0_.item_id as item_id3_0_,
        item1_.id as id1_1_1_,
        item1_.name as name2_1_1_,
        item1_.price as price3_1_1_ 
    from
        items_tracking_table items0_ 
    inner join
        item item1_ 
            on items0_.item_id=item1_.id 
    where
        items0_.counter_id=?
]]></system-out>
  </testcase>
  <testcase name="Verify POST `/order` and discount when total price less than 100" classname="As a user of Online shop" time="0.087"/>
  <testcase name="Verify POST `/order` and discount when total price is 100" classname="As a user of Online shop" time="0.092"/>
  <testcase name="Verify POST `/order` and discount when total price is 101" classname="As a user of Online shop" time="0.1">
    <failure message="expected:&lt;[95.95]f&gt; but was:&lt;[101.0]f&gt;" type="org.junit.ComparisonFailure"><![CDATA[org.junit.ComparisonFailure: expected:<[95.95]f> but was:<[101.0]f>
]]></failure>
[...]
Hibernate: 
    select
        item0_.id as id1_1_,
        item0_.name as name2_1_,
        item0_.price as price3_1_ 
    from
        item item0_
Hibernate: 
    select
        count(*) as col_0_0_ 
    from
        item item0_ 
    where
        item0_.id=?
Hibernate: 
    select
        cart0_.id as id1_0_,
        cart0_.discount as discount2_0_,
        cart0_.total_price as total_pr3_0_,
        cart0_.voucher_discount as voucher_4_0_ 
    from
        cart cart0_ 
    where
        cart0_.id=1
Hibernate: 
    select
        items0_.counter_id as counter_1_2_0_,
        items0_.items as items2_2_0_,
        items0_.item_id as item_id3_0_,
        item1_.id as id1_1_1_,
        item1_.name as name2_1_1_,
        item1_.price as price3_1_1_ 
    from
        items_tracking_table items0_ 
    inner join
        item item1_ 
            on items0_.item_id=item1_.id 
    where
        items0_.counter_id=?
Hibernate: 
    select
        item0_.id as id1_1_0_,
        item0_.name as name2_1_0_,
        item0_.price as price3_1_0_ 
    from
        item item0_ 
    where
        item0_.id=?
Hibernate: 
    select
        count(*) as col_0_0_ 
    from
        item item0_ 
    where
        item0_.id=?
Hibernate: 
    select
        cart0_.id as id1_0_,
        cart0_.discount as discount2_0_,
        cart0_.total_price as total_pr3_0_,
        cart0_.voucher_discount as voucher_4_0_ 
    from
        cart cart0_ 
    where
        cart0_.id=1
Hibernate: 
    select
        items0_.counter_id as counter_1_2_0_,
        items0_.items as items2_2_0_,
        items0_.item_id as item_id3_0_,
        item1_.id as id1_1_1_,
        item1_.name as name2_1_1_,
        item1_.price as price3_1_1_ 
    from
        items_tracking_table items0_ 
    inner join
        item item1_ 
            on items0_.item_id=item1_.id 
    where
        items0_.counter_id=?
Hibernate: 
    select
        item0_.id as id1_1_0_,
        item0_.name as name2_1_0_,
        item0_.price as price3_1_0_ 
    from
        item item0_ 
    where
        item0_.id=?
Hibernate: 
    select
        count(*) as col_0_0_ 
    from
        item item0_ 
    where
        item0_.id=?
Hibernate: 
    select
        cart0_.id as id1_0_,
        cart0_.discount as discount2_0_,
        cart0_.total_price as total_pr3_0_,
        cart0_.voucher_discount as voucher_4_0_ 
    from
        cart cart0_ 
    where
        cart0_.id=1
Hibernate: 
    select
        items0_.counter_id as counter_1_2_0_,
        items0_.items as items2_2_0_,
        items0_.item_id as item_id3_0_,
        item1_.id as id1_1_1_,
        item1_.name as name2_1_1_,
        item1_.price as price3_1_1_ 
    from
        items_tracking_table items0_ 
    inner join
        item item1_ 
            on items0_.item_id=item1_.id 
    where
        items0_.counter_id=?
Hibernate: 
    select
        item0_.id as id1_1_0_,
        item0_.name as name2_1_0_,
        item0_.price as price3_1_0_ 
    from
        item item0_ 
    where
        item0_.id=?
Hibernate: 
    select
        count(*) as col_0_0_ 
    from
        item item0_ 
    where
        item0_.id=?
Hibernate: 
    select
        cart0_.id as id1_0_,
        cart0_.discount as discount2_0_,
        cart0_.total_price as total_pr3_0_,
        cart0_.voucher_discount as voucher_4_0_ 
    from
        cart cart0_ 
    where
        cart0_.id=1
Hibernate: 
    select
        items0_.counter_id as counter_1_2_0_,
        items0_.items as items2_2_0_,
        items0_.item_id as item_id3_0_,
        item1_.id as id1_1_1_,
        item1_.name as name2_1_1_,
        item1_.price as price3_1_1_ 
    from
        items_tracking_table items0_ 
    inner join
        item item1_ 
            on items0_.item_id=item1_.id 
    where
        items0_.counter_id=?
Hibernate: 
    select
        item0_.id as id1_1_0_,
        item0_.name as name2_1_0_,
        item0_.price as price3_1_0_ 
    from
        item item0_ 
    where
        item0_.id=?
Hibernate: 
    select
        count(*) as col_0_0_ 
    from
        item item0_ 
    where
        item0_.id=?
Hibernate: 
    select
        cart0_.id as id1_0_,
        cart0_.discount as discount2_0_,
        cart0_.total_price as total_pr3_0_,
        cart0_.voucher_discount as voucher_4_0_ 
    from
        cart cart0_ 
    where
        cart0_.id=1
Hibernate: 
    select
        items0_.counter_id as counter_1_2_0_,
        items0_.items as items2_2_0_,
        items0_.item_id as item_id3_0_,
        item1_.id as id1_1_1_,
        item1_.name as name2_1_1_,
        item1_.price as price3_1_1_ 
    from
        items_tracking_table items0_ 
    inner join
        item item1_ 
            on items0_.item_id=item1_.id 
    where
        items0_.counter_id=?
Hibernate: 
    select
        item0_.id as id1_1_0_,
        item0_.name as name2_1_0_,
        item0_.price as price3_1_0_ 
    from
        item item0_ 
    where
        item0_.id=?
Hibernate: 
    select
        count(*) as col_0_0_ 
    from
        item item0_ 
    where
        item0_.id=?
Hibernate: 
    select
        cart0_.id as id1_0_,
        cart0_.discount as discount2_0_,
        cart0_.total_price as total_pr3_0_,
        cart0_.voucher_discount as voucher_4_0_ 
    from
        cart cart0_ 
    where
        cart0_.id=1
Hibernate: 
    select
        items0_.counter_id as counter_1_2_0_,
        items0_.items as items2_2_0_,
        items0_.item_id as item_id3_0_,
        item1_.id as id1_1_1_,
        item1_.name as name2_1_1_,
        item1_.price as price3_1_1_ 
    from
        items_tracking_table items0_ 
    inner join
        item item1_ 
            on items0_.item_id=item1_.id 
    where
        items0_.counter_id=?
Hibernate: 
    select
        item0_.id as id1_1_0_,
        item0_.name as name2_1_0_,
        item0_.price as price3_1_0_ 
    from
        item item0_ 
    where
        item0_.id=?
Hibernate: 
    select
        count(*) as col_0_0_ 
    from
        item item0_ 
    where
        item0_.id=?
Hibernate: 
    select
        cart0_.id as id1_0_,
        cart0_.discount as discount2_0_,
        cart0_.total_price as total_pr3_0_,
        cart0_.voucher_discount as voucher_4_0_ 
    from
        cart cart0_ 
    where
        cart0_.id=1
Hibernate: 
    select
        items0_.counter_id as counter_1_2_0_,
        items0_.items as items2_2_0_,
        items0_.item_id as item_id3_0_,
        item1_.id as id1_1_1_,
        item1_.name as name2_1_1_,
        item1_.price as price3_1_1_ 
    from
        items_tracking_table items0_ 
    inner join
        item item1_ 
            on items0_.item_id=item1_.id 
    where
        items0_.counter_id=?
Hibernate: 
    select
        item0_.id as id1_1_0_,
        item0_.name as name2_1_0_,
        item0_.price as price3_1_0_ 
    from
        item item0_ 
    where
        item0_.id=?
Hibernate: 
    select
        count(*) as col_0_0_ 
    from
        item item0_ 
    where
        item0_.id=?
Hibernate: 
    select
        cart0_.id as id1_0_,
        cart0_.discount as discount2_0_,
        cart0_.total_price as total_pr3_0_,
        cart0_.voucher_discount as voucher_4_0_ 
    from
        cart cart0_ 
    where
        cart0_.id=1
Hibernate: 
    select
        items0_.counter_id as counter_1_2_0_,
        items0_.items as items2_2_0_,
        items0_.item_id as item_id3_0_,
        item1_.id as id1_1_1_,
        item1_.name as name2_1_1_,
        item1_.price as price3_1_1_ 
    from
        items_tracking_table items0_ 
    inner join
        item item1_ 
            on items0_.item_id=item1_.id 
    where
        items0_.counter_id=?
Hibernate: 
    select
        item0_.id as id1_1_0_,
        item0_.name as name2_1_0_,
        item0_.price as price3_1_0_ 
    from
        item item0_ 
    where
        item0_.id=?
Hibernate: 
    select
        count(*) as col_0_0_ 
    from
        item item0_ 
    where
        item0_.id=?
Hibernate: 
    select
        cart0_.id as id1_0_,
        cart0_.discount as discount2_0_,
        cart0_.total_price as total_pr3_0_,
        cart0_.voucher_discount as voucher_4_0_ 
    from
        cart cart0_ 
    where
        cart0_.id=1
Hibernate: 
    select
        items0_.counter_id as counter_1_2_0_,
        items0_.items as items2_2_0_,
        items0_.item_id as item_id3_0_,
        item1_.id as id1_1_1_,
        item1_.name as name2_1_1_,
        item1_.price as price3_1_1_ 
    from
        items_tracking_table items0_ 
    inner join
        item item1_ 
            on items0_.item_id=item1_.id 
    where
        items0_.counter_id=?
Hibernate: 
    update
        cart 
    set
        discount=?,
        total_price=?,
        voucher_discount=? 
    where
        id=?
Hibernate: 
    delete 
    from
        items_tracking_table 
    where
        counter_id=?
Hibernate: 
    select
        cart0_.id as id1_0_,
        cart0_.discount as discount2_0_,
        cart0_.total_price as total_pr3_0_,
        cart0_.voucher_discount as voucher_4_0_ 
    from
        cart cart0_ 
    where
        cart0_.id=1
Hibernate: 
    select
        items0_.counter_id as counter_1_2_0_,
        items0_.items as items2_2_0_,
        items0_.item_id as item_id3_0_,
        item1_.id as id1_1_1_,
        item1_.name as name2_1_1_,
        item1_.price as price3_1_1_ 
    from
        items_tracking_table items0_ 
    inner join
        item item1_ 
            on items0_.item_id=item1_.id 
    where
        items0_.counter_id=?
Hibernate: 
    select
        count(*) as col_0_0_ 
    from
        item item0_ 
    where
        item0_.id=?
Hibernate: 
    select
        cart0_.id as id1_0_,
        cart0_.discount as discount2_0_,
        cart0_.total_price as total_pr3_0_,
        cart0_.voucher_discount as voucher_4_0_ 
    from
        cart cart0_ 
    where
        cart0_.id=1
Hibernate: 
    select
        items0_.counter_id as counter_1_2_0_,
        items0_.items as items2_2_0_,
        items0_.item_id as item_id3_0_,
        item1_.id as id1_1_1_,
        item1_.name as name2_1_1_,
        item1_.price as price3_1_1_ 
    from
        items_tracking_table items0_ 
    inner join
        item item1_ 
            on items0_.item_id=item1_.id 
    where
        items0_.counter_id=?
Hibernate: 
    select
        item0_.id as id1_1_0_,
        item0_.name as name2_1_0_,
        item0_.price as price3_1_0_ 
    from
        item item0_ 
    where
        item0_.id=?
Hibernate: 
    update
        cart 
    set
        discount=?,
        total_price=?,
        voucher_discount=? 
    where
        id=?
Hibernate: 
    insert 
    into
        items_tracking_table
        (counter_id, item_id, items) 
    values
        (?, ?, ?)
Hibernate: 
    select
        cart0_.id as id1_0_,
        cart0_.discount as discount2_0_,
        cart0_.total_price as total_pr3_0_,
        cart0_.voucher_discount as voucher_4_0_ 
    from
        cart cart0_ 
    where
        cart0_.id=1
Hibernate: 
    select
        items0_.counter_id as counter_1_2_0_,
        items0_.items as items2_2_0_,
        items0_.item_id as item_id3_0_,
        item1_.id as id1_1_1_,
        item1_.name as name2_1_1_,
        item1_.price as price3_1_1_ 
    from
        items_tracking_table items0_ 
    inner join
        item item1_ 
            on items0_.item_id=item1_.id 
    where
        items0_.counter_id=?
2019-10-06 23:06:54.916 ERROR 27472 --- [o-auto-1-exec-5] o.a.c.c.C.[.[.[/].[dispatcherServlet]    : Servlet.service() for servlet [dispatcherServlet] in context with path [] threw exception [Request processing failed; nested exception is java.lang.IllegalStateException: something went wrong!] with root cause

java.lang.NumberFormatException: For input string: " "
	at java.lang.NumberFormatException.forInputString(NumberFormatException.java:65) ~[na:1.8.0_212]
	at java.lang.Integer.parseInt(Integer.java:569) ~[na:1.8.0_212]
	at java.lang.Integer.parseInt(Integer.java:615) ~[na:1.8.0_212]
	at com.tipico.endpoints.Controllers.addVoucherToTheCart(Controllers.java:82) ~[classes/:na]
	at sun.reflect.NativeMethodAccessorImpl.invoke0(Native Method) ~[na:1.8.0_212]
	at sun.reflect.NativeMethodAccessorImpl.invoke(NativeMethodAccessorImpl.java:62) ~[na:1.8.0_212]
	at sun.reflect.DelegatingMethodAccessorImpl.invoke(DelegatingMethodAccessorImpl.java:43) ~[na:1.8.0_212]
	at java.lang.reflect.Method.invoke(Method.java:498) ~[na:1.8.0_212]
	at org.springframework.web.method.support.InvocableHandlerMethod.doInvoke(InvocableHandlerMethod.java:190) ~[spring-web-5.1.7.RELEASE.jar:5.1.7.RELEASE]
	at org.springframework.web.method.support.InvocableHandlerMethod.invokeForRequest(InvocableHandlerMethod.java:138) ~[spring-web-5.1.7.RELEASE.jar:5.1.7.RELEASE]
	at org.springframework.web.servlet.mvc.method.annotation.ServletInvocableHandlerMethod.invokeAndHandle(ServletInvocableHandlerMethod.java:104) ~[spring-webmvc-5.1.7.RELEASE.jar:5.1.7.RELEASE]
	at org.springframework.web.servlet.mvc.method.annotation.RequestMappingHandlerAdapter.invokeHandlerMethod(RequestMappingHandlerAdapter.java:892) ~[spring-webmvc-5.1.7.RELEASE.jar:5.1.7.RELEASE]
	at org.springframework.web.servlet.mvc.method.annotation.RequestMappingHandlerAdapter.handleInternal(RequestMappingHandlerAdapter.java:797) ~[spring-webmvc-5.1.7.RELEASE.jar:5.1.7.RELEASE]
	at org.springframework.web.servlet.mvc.method.AbstractHandlerMethodAdapter.handle(AbstractHandlerMethodAdapter.java:87) ~[spring-webmvc-5.1.7.RELEASE.jar:5.1.7.RELEASE]
	at org.springframework.web.servlet.DispatcherServlet.doDispatch(DispatcherServlet.java:1039) ~[spring-webmvc-5.1.7.RELEASE.jar:5.1.7.RELEASE]
	at org.springframework.web.servlet.DispatcherServlet.doService(DispatcherServlet.java:942) ~[spring-webmvc-5.1.7.RELEASE.jar:5.1.7.RELEASE]
	at org.springframework.web.servlet.FrameworkServlet.processRequest(FrameworkServlet.java:1005) ~[spring-webmvc-5.1.7.RELEASE.jar:5.1.7.RELEASE]
	at org.springframework.web.servlet.FrameworkServlet.doPut(FrameworkServlet.java:919) ~[spring-webmvc-5.1.7.RELEASE.jar:5.1.7.RELEASE]
	at javax.servlet.http.HttpServlet.service(HttpServlet.java:663) ~[tomcat-embed-core-9.0.19.jar:9.0.19]
	at org.springframework.web.servlet.FrameworkServlet.service(FrameworkServlet.java:882) ~[spring-webmvc-5.1.7.RELEASE.jar:5.1.7.RELEASE]
	at javax.servlet.http.HttpServlet.service(HttpServlet.java:741) ~[tomcat-embed-core-9.0.19.jar:9.0.19]
	at org.apache.catalina.core.ApplicationFilterChain.internalDoFilter(ApplicationFilterChain.java:231) ~[tomcat-embed-core-9.0.19.jar:9.0.19]
	at org.apache.catalina.core.ApplicationFilterChain.doFilter(ApplicationFilterChain.java:166) ~[tomcat-embed-core-9.0.19.jar:9.0.19]
	at org.apache.tomcat.websocket.server.WsFilter.doFilter(WsFilter.java:53) ~[tomcat-embed-websocket-9.0.19.jar:9.0.19]
	at org.apache.catalina.core.ApplicationFilterChain.internalDoFilter(ApplicationFilterChain.java:193) ~[tomcat-embed-core-9.0.19.jar:9.0.19]
	at org.apache.catalina.core.ApplicationFilterChain.doFilter(ApplicationFilterChain.java:166) ~[tomcat-embed-core-9.0.19.jar:9.0.19]
	at org.springframework.web.filter.RequestContextFilter.doFilterInternal(RequestContextFilter.java:99) ~[spring-web-5.1.7.RELEASE.jar:5.1.7.RELEASE]
	at org.springframework.web.filter.OncePerRequestFilter.doFilter(OncePerRequestFilter.java:107) ~[spring-web-5.1.7.RELEASE.jar:5.1.7.RELEASE]
	at org.apache.catalina.core.ApplicationFilterChain.internalDoFilter(ApplicationFilterChain.java:193) ~[tomcat-embed-core-9.0.19.jar:9.0.19]
	at org.apache.catalina.core.ApplicationFilterChain.doFilter(ApplicationFilterChain.java:166) ~[tomcat-embed-core-9.0.19.jar:9.0.19]
	at org.springframework.web.filter.FormContentFilter.doFilterInternal(FormContentFilter.java:92) ~[spring-web-5.1.7.RELEASE.jar:5.1.7.RELEASE]
	at org.springframework.web.filter.OncePerRequestFilter.doFilter(OncePerRequestFilter.java:107) ~[spring-web-5.1.7.RELEASE.jar:5.1.7.RELEASE]
	at org.apache.catalina.core.ApplicationFilterChain.internalDoFilter(ApplicationFilterChain.java:193) ~[tomcat-embed-core-9.0.19.jar:9.0.19]
	at org.apache.catalina.core.ApplicationFilterChain.doFilter(ApplicationFilterChain.java:166) ~[tomcat-embed-core-9.0.19.jar:9.0.19]
	at org.springframework.web.filter.HiddenHttpMethodFilter.doFilterInternal(HiddenHttpMethodFilter.java:93) ~[spring-web-5.1.7.RELEASE.jar:5.1.7.RELEASE]
	at org.springframework.web.filter.OncePerRequestFilter.doFilter(OncePerRequestFilter.java:107) ~[spring-web-5.1.7.RELEASE.jar:5.1.7.RELEASE]
	at org.apache.catalina.core.ApplicationFilterChain.internalDoFilter(ApplicationFilterChain.java:193) ~[tomcat-embed-core-9.0.19.jar:9.0.19]
	at org.apache.catalina.core.ApplicationFilterChain.doFilter(ApplicationFilterChain.java:166) ~[tomcat-embed-core-9.0.19.jar:9.0.19]
	at org.springframework.web.filter.CharacterEncodingFilter.doFilterInternal(CharacterEncodingFilter.java:200) ~[spring-web-5.1.7.RELEASE.jar:5.1.7.RELEASE]
	at org.springframework.web.filter.OncePerRequestFilter.doFilter(OncePerRequestFilter.java:107) ~[spring-web-5.1.7.RELEASE.jar:5.1.7.RELEASE]
	at org.apache.catalina.core.ApplicationFilterChain.internalDoFilter(ApplicationFilterChain.java:193) ~[tomcat-embed-core-9.0.19.jar:9.0.19]
	at org.apache.catalina.core.ApplicationFilterChain.doFilter(ApplicationFilterChain.java:166) ~[tomcat-embed-core-9.0.19.jar:9.0.19]
	at org.apache.catalina.core.StandardWrapperValve.invoke(StandardWrapperValve.java:200) ~[tomcat-embed-core-9.0.19.jar:9.0.19]
	at org.apache.catalina.core.StandardContextValve.invoke(StandardContextValve.java:96) [tomcat-embed-core-9.0.19.jar:9.0.19]
	at org.apache.catalina.authenticator.AuthenticatorBase.invoke(AuthenticatorBase.java:490) [tomcat-embed-core-9.0.19.jar:9.0.19]
	at org.apache.catalina.core.StandardHostValve.invoke(StandardHostValve.java:139) [tomcat-embed-core-9.0.19.jar:9.0.19]
	at org.apache.catalina.valves.ErrorReportValve.invoke(ErrorReportValve.java:92) [tomcat-embed-core-9.0.19.jar:9.0.19]
	at org.apache.catalina.core.StandardEngineValve.invoke(StandardEngineValve.java:74) [tomcat-embed-core-9.0.19.jar:9.0.19]
	at org.apache.catalina.connector.CoyoteAdapter.service(CoyoteAdapter.java:343) [tomcat-embed-core-9.0.19.jar:9.0.19]
	at org.apache.coyote.http11.Http11Processor.service(Http11Processor.java:408) [tomcat-embed-core-9.0.19.jar:9.0.19]
	at org.apache.coyote.AbstractProcessorLight.process(AbstractProcessorLight.java:66) [tomcat-embed-core-9.0.19.jar:9.0.19]
	at org.apache.coyote.AbstractProtocol$ConnectionHandler.process(AbstractProtocol.java:836) [tomcat-embed-core-9.0.19.jar:9.0.19]
	at org.apache.tomcat.util.net.NioEndpoint$SocketProcessor.doRun(NioEndpoint.java:1747) [tomcat-embed-core-9.0.19.jar:9.0.19]
	at org.apache.tomcat.util.net.SocketProcessorBase.run(SocketProcessorBase.java:49) [tomcat-embed-core-9.0.19.jar:9.0.19]
	at java.util.concurrent.ThreadPoolExecutor.runWorker(ThreadPoolExecutor.java:1149) [na:1.8.0_212]
	at java.util.concurrent.ThreadPoolExecutor$Worker.run(ThreadPoolExecutor.java:624) [na:1.8.0_212]
	at org.apache.tomcat.util.threads.TaskThread$WrappingRunnable.run(TaskThread.java:61) [tomcat-embed-core-9.0.19.jar:9.0.19]
	at java.lang.Thread.run(Thread.java:748) [na:1.8.0_212]

]]></system-out>
  </testcase>
</testsuite>