-------------------------------------------------------------------------------
Test set: tests.cucumber.runner.CucumberTest
-------------------------------------------------------------------------------
Tests run: 36, Failures: 10, Errors: 0, Skipped: 0, Time elapsed: 7.996 s <<< FAILURE! - in tests.cucumber.runner.CucumberTest
Verify DELETE `/cart/items/{id}` remove item when item is not in cart(As a user of Online shop)  Time elapsed: 0.08 s  <<< FAILURE!
org.junit.ComparisonFailure: expected:<"[4]00"> but was:<"[2]00">

Verify DELETE `/cart/voucher` when no voucher applied to cart(As a user of Online shop)  Time elapsed: 0.06 s  <<< FAILURE!
org.junit.ComparisonFailure: expected:<"[4]00"> but was:<"[2]00">

Verify POST `/order` when voucher discount is applied(As a user of Online shop)  Time elapsed: 0.094 s  <<< FAILURE!
org.junit.ComparisonFailure: expected:<4[3.12]> but was:<4[4.00]>

Verify POST `/order` when discount and voucher discount is applied(As a user of Online shop)  Time elapsed: 0.108 s  <<< FAILURE!
org.junit.ComparisonFailure: expected:<2[79].00> but was:<2[85].00>

Verify POST `/order` when no items in cart(As a user of Online shop)  Time elapsed: 0.064 s  <<< FAILURE!
org.junit.ComparisonFailure: expected:<"[4]00"> but was:<"[2]00">

Verify POST `/order` and discount when total price is 101(As a user of Online shop)  Time elapsed: 0.1 s  <<< FAILURE!
org.junit.ComparisonFailure: expected:<[95.95]f> but was:<[101.0]f>

Verify POST `/order` and discount when total price is 501(As a user of Online shop)  Time elapsed: 0.072 s  <<< FAILURE!
org.junit.ComparisonFailure: expected:<[450.9]f> but was:<[501.0]f>

Verify PUT `/cart/voucher/{id}` when the voucher is already applied(As a user of Online shop)  Time elapsed: 0.068 s  <<< FAILURE!
org.junit.ComparisonFailure: expected:<"[4]00"> but was:<"[2]00">

Verify PUT `/cart/voucher/{id}` when the voucher id is more than 10 digits(As a user of Online shop)  Time elapsed: 0.107 s  <<< FAILURE!
org.junit.ComparisonFailure: expected:<"[4]00"> but was:<"[5]00">

Verify PUT `/cart/voucher/{id}` when the voucher id is empty(As a user of Online shop)  Time elapsed: 0.084 s  <<< FAILURE!
org.junit.ComparisonFailure: expected:<"[4]00"> but was:<"[5]00">

